TN:
SF:src/accountant/RoycoDayAccountant.sol
DA:36,3692
FN:36,RoycoDayAccountant.onlyRoycoKernel
FNDA:3692,RoycoDayAccountant.onlyRoycoKernel
DA:37,3692
BRDA:37,0,0,0
BRDA:37,0,1,0
DA:42,9
FN:42,RoycoDayAccountant.withSyncedAccounting
FNDA:9,RoycoDayAccountant.withSyncedAccounting
DA:43,9
DA:56,806
FN:56,RoycoDayAccountant.constructor
FNDA:806,RoycoDayAccountant.constructor
DA:58,806
BRDA:58,1,0,0
BRDA:58,1,1,0
DA:59,805
DA:60,805
DA:68,800
FN:68,RoycoDayAccountant.initialize
FNDA:800,RoycoDayAccountant.initialize
DA:70,800
DA:74,800
BRDA:74,2,0,800
BRDA:74,2,1,797
DA:81,796
BRDA:81,3,0,0
BRDA:81,3,1,0
DA:85,795
BRDA:85,4,0,795
BRDA:85,4,1,793
DA:87,791
BRDA:87,5,0,0
BRDA:87,5,1,0
DA:88,790
DA:91,789
DA:92,787
DA:95,785
DA:98,785
DA:99,785
DA:100,785
DA:101,785
DA:102,785
DA:103,785
DA:104,785
DA:105,785
DA:108,785
DA:109,785
DA:110,785
DA:111,785
DA:114,785
DA:115,785
DA:118,785
DA:119,785
DA:120,785
DA:121,785
DA:124,785
DA:125,785
DA:126,785
DA:129,785
DA:130,785
DA:131,785
DA:132,785
DA:133,785
DA:134,785
DA:135,785
DA:143,3688
FN:143,RoycoDayAccountant.preOpSyncTrancheAccounting
FNDA:3688,RoycoDayAccountant.preOpSyncTrancheAccounting
DA:153,3688
DA:156,3688
DA:157,3688
DA:158,3688
DA:159,3688
DA:160,3688
DA:164,535
BRDA:164,6,0,535
DA:168,535
DA:173,3688
DA:174,3688
DA:175,3688
DA:176,3688
DA:177,3688
DA:178,3688
DA:181,3688
BRDA:181,7,0,167
BRDA:181,7,1,61
DA:182,167
DA:183,3521
BRDA:183,8,0,61
DA:186,61
DA:190,3688
BRDA:190,9,0,121
DA:192,3688
DA:196,3613
FN:196,RoycoDayAccountant.commitLiquidityTrancheRawNAV
FNDA:3613,RoycoDayAccountant.commitLiquidityTrancheRawNAV
DA:199,3613
DA:200,3613
DA:204,5646
FN:204,RoycoDayAccountant.previewSyncTrancheAccounting
FNDA:5646,RoycoDayAccountant.previewSyncTrancheAccounting
DA:213,5646
DA:214,5646
DA:218,3220
FN:218,RoycoDayAccountant.postOpSyncTrancheAccounting
FNDA:3220,RoycoDayAccountant.postOpSyncTrancheAccounting
DA:232,3220
DA:235,3220
DA:236,3220
DA:237,3220
DA:241,3220
DA:242,3220
DA:243,3220
DA:246,3220
BRDA:246,10,0,953
BRDA:246,10,1,13
DA:247,953
BRDA:247,11,0,953
BRDA:247,11,1,944
DA:249,953
DA:250,2267
BRDA:250,12,0,856
BRDA:250,12,1,13
DA:251,856
BRDA:251,13,0,856
BRDA:251,13,1,848
DA:253,856
DA:254,1411
BRDA:254,14,0,1015
BRDA:254,14,1,13
DA:256,1015
BRDA:256,15,0,1015
BRDA:256,15,1,1010
DA:257,1015
DA:260,396
DA:261,394
BRDA:261,16,0,250
BRDA:261,16,1,13
DA:262,250
BRDA:262,17,0,151
BRDA:262,17,1,97
DA:263,151
BRDA:263,18,0,6
BRDA:263,18,1,5
DA:265,99
BRDA:265,19,0,99
BRDA:265,19,1,97
DA:268,250
DA:270,250
DA:271,144
BRDA:271,20,0,144
DA:273,144
BRDA:273,21,0,144
BRDA:273,21,1,141
DA:277,144
DA:279,140
BRDA:279,22,0,13
DA:280,13
DA:281,13
DA:287,3179
BRDA:287,23,0,0
BRDA:287,23,1,0
DA:290,3179
DA:291,3179
DA:292,3179
DA:293,3179
DA:294,3179
DA:297,3179
DA:298,3179
DA:299,3179
DA:324,3179
BRDA:324,24,0,1779
DA:327,1400
BRDA:327,25,0,1263
DA:328,1263
BRDA:328,26,0,0
BRDA:328,26,1,0
DA:332,1355
BRDA:332,27,0,1256
DA:333,1256
BRDA:333,28,0,0
BRDA:333,28,1,0
DA:355,92
FN:355,RoycoDayAccountant.maxSTDeposit
FNDA:92,RoycoDayAccountant.maxSTDeposit
DA:357,92
DA:361,92
DA:362,92
BRDA:362,29,0,87
DA:365,87
DA:368,87
DA:371,87
DA:376,92
DA:377,92
BRDA:377,30,0,63
DA:380,63
DA:383,63
DA:387,92
DA:402,73
FN:402,RoycoDayAccountant.maxJTWithdrawal
FNDA:73,RoycoDayAccountant.maxJTWithdrawal
DA:409,73
DA:412,73
DA:416,73
DA:418,73
DA:420,73
DA:424,73
DA:426,73
BRDA:426,31,0,4
DA:429,69
DA:430,69
BRDA:430,32,0,2
DA:432,67
DA:434,67
DA:436,67
DA:439,67
DA:440,67
BRDA:440,33,0,0
DA:443,67
DA:444,67
DA:455,74
FN:455,RoycoDayAccountant.maxLTWithdrawal
FNDA:74,RoycoDayAccountant.maxLTWithdrawal
DA:457,74
BRDA:457,34,0,11
DA:459,63
DA:462,63
DA:480,9334
FN:480,RoycoDayAccountant._previewSyncTrancheAccounting
FNDA:9334,RoycoDayAccountant._previewSyncTrancheAccounting
DA:491,9334
DA:494,9334
DA:497,9334
DA:498,9334
DA:499,9334
DA:502,9334
DA:506,9334
DA:507,9334
DA:510,9334
DA:511,9334
DA:515,9334
DA:516,9334
DA:519,9334
DA:520,9334
DA:525,9334
DA:528,9334
DA:532,9334
DA:533,9334
DA:537,9334
DA:538,9334
DA:539,9334
DA:540,9334
DA:544,9334
DA:546,9334
BRDA:546,35,0,198
BRDA:546,35,1,538
DA:549,198
DA:550,198
DA:552,9136
BRDA:552,36,0,542
DA:553,542
DA:555,542
BRDA:555,37,0,538
DA:557,542
DA:561,9334
BRDA:561,38,0,346
BRDA:561,38,1,0
DA:562,346
DA:564,346
DA:565,346
BRDA:565,39,0,333
DA:567,333
BRDA:567,40,0,33
DA:568,33
DA:569,33
DA:572,333
DA:574,333
DA:575,333
DA:578,346
BRDA:578,41,0,53
DA:580,8988
BRDA:580,42,0,592
DA:581,592
DA:583,592
DA:584,592
BRDA:584,43,0,66
DA:586,66
DA:588,66
DA:589,66
DA:592,592
BRDA:592,44,0,558
DA:594,558
BRDA:594,45,0,557
DA:595,558
DA:597,558
DA:600,558
BRDA:600,46,0,170
DA:602,170
DA:604,170
DA:615,170
DA:624,558
DA:625,558
DA:627,558
BRDA:627,47,0,0
BRDA:627,47,1,0
DA:629,558
BRDA:629,48,0,538
DA:631,537
BRDA:631,49,0,537
DA:632,537
DA:634,538
DA:635,538
DA:638,558
BRDA:638,50,0,379
DA:640,378
BRDA:640,51,0,378
DA:641,378
DA:643,379
DA:646,557
BRDA:646,52,0,557
DA:649,558
DA:654,9334
BRDA:654,53,0,0
BRDA:654,53,1,0
DA:657,9334
DA:658,9334
DA:659,9334
DA:660,9334
DA:661,9334
DA:662,9334
DA:664,9334
DA:666,9334
BRDA:666,54,1,215
DA:667,9334
DA:668,3295
DA:669,6152
BRDA:669,54,0,6152
DA:674,6152
DA:675,6152
DA:677,6152
DA:678,6152
DA:680,3182
BRDA:680,55,0,2879
BRDA:680,55,1,179
DA:683,2879
BRDA:683,56,0,2863
BRDA:683,56,1,16
DA:685,2863
DA:686,2863
DA:690,16
DA:692,16
DA:693,16
DA:694,16
DA:695,16
DA:698,303
DA:700,303
DA:701,303
DA:702,303
DA:703,303
DA:705,303
BRDA:705,57,0,179
DA:711,6152
DA:739,3688
FN:739,RoycoDayAccountant._accruePremiumYieldShares
FNDA:3688,RoycoDayAccountant._accruePremiumYieldShares
DA:741,3688
DA:744,3688
DA:745,3688
BRDA:745,58,0,711
DA:747,711
DA:748,711
DA:749,711
DA:753,2977
DA:755,2977
BRDA:755,59,0,2486
DA:758,491
DA:759,491
DA:760,491
DA:763,491
DA:764,491
DA:765,491
DA:767,491
DA:768,491
DA:777,5646
FN:777,RoycoDayAccountant._previewPremiumYieldShareAccrual
FNDA:5646,RoycoDayAccountant._previewPremiumYieldShareAccrual
DA:779,5646
DA:782,5646
DA:783,5646
BRDA:783,60,0,10
DA:786,5636
DA:788,5636
BRDA:788,61,0,5600
DA:791,36
DA:792,36
DA:793,36
DA:796,36
DA:797,36
DA:805,527
FN:805,RoycoDayAccountant._computeUtilizations
FNDA:527,RoycoDayAccountant._computeUtilizations
DA:807,527
DA:809,527
DA:811,527
DA:819,8
FN:819,RoycoDayAccountant.setJuniorTrancheYDM
FNDA:8,RoycoDayAccountant.setJuniorTrancheYDM
DA:820,8
DA:822,8
BRDA:822,62,0,0
BRDA:822,62,1,0
DA:825,7
DA:827,8
DA:828,8
DA:829,8
DA:833,8
FN:833,RoycoDayAccountant.setLiquidityTrancheYDM
FNDA:8,RoycoDayAccountant.setLiquidityTrancheYDM
DA:834,8
DA:836,8
BRDA:836,63,0,0
BRDA:836,63,1,0
DA:839,7
DA:841,8
DA:842,8
DA:843,8
DA:847,3
FN:847,RoycoDayAccountant.setSeniorTrancheProtocolFee
FNDA:3,RoycoDayAccountant.setSeniorTrancheProtocolFee
DA:849,3
BRDA:849,64,0,0
BRDA:849,64,1,0
DA:850,2
DA:851,3
DA:855,3
FN:855,RoycoDayAccountant.setJuniorTrancheProtocolFee
FNDA:3,RoycoDayAccountant.setJuniorTrancheProtocolFee
DA:857,3
BRDA:857,65,0,0
BRDA:857,65,1,0
DA:858,2
DA:859,3
DA:863,3
FN:863,RoycoDayAccountant.setJTYieldShareProtocolFee
FNDA:3,RoycoDayAccountant.setJTYieldShareProtocolFee
DA:865,3
BRDA:865,66,0,0
BRDA:865,66,1,0
DA:866,2
DA:867,3
DA:871,3
FN:871,RoycoDayAccountant.setLTYieldShareProtocolFee
FNDA:3,RoycoDayAccountant.setLTYieldShareProtocolFee
DA:873,3
BRDA:873,67,0,0
BRDA:873,67,1,0
DA:874,2
DA:875,3
DA:879,7
FN:879,RoycoDayAccountant.setMinCoverage
FNDA:7,RoycoDayAccountant.setMinCoverage
DA:880,7
DA:882,7
BRDA:882,68,0,0
BRDA:882,68,1,0
DA:883,7
DA:884,7
DA:888,3
FN:888,RoycoDayAccountant.setLiquidationCoverageUtilization
FNDA:3,RoycoDayAccountant.setLiquidationCoverageUtilization
DA:894,3
DA:896,3
BRDA:896,69,0,0
BRDA:896,69,1,0
DA:897,3
DA:898,3
DA:902,58
FN:902,RoycoDayAccountant.setMinLiquidity
FNDA:58,RoycoDayAccountant.setMinLiquidity
DA:904,58
BRDA:904,70,0,0
BRDA:904,70,1,0
DA:905,57
DA:906,58
DA:910,33
FN:910,RoycoDayAccountant.setMaxYieldShares
FNDA:33,RoycoDayAccountant.setMaxYieldShares
DA:912,33
DA:913,32
DA:914,32
DA:915,32
DA:916,33
DA:920,58
FN:920,RoycoDayAccountant.setFixedTermDuration
FNDA:58,RoycoDayAccountant.setFixedTermDuration
DA:921,58
DA:922,58
DA:924,58
BRDA:924,71,0,18
DA:925,18
DA:926,18
DA:927,18
DA:931,58
DA:935,13
FN:935,RoycoDayAccountant.setSeniorTrancheDustTolerance
FNDA:13,RoycoDayAccountant.setSeniorTrancheDustTolerance
DA:936,13
DA:937,13
DA:939,13
DA:940,13
DA:944,12
FN:944,RoycoDayAccountant.setJuniorTrancheDustTolerance
FNDA:12,RoycoDayAccountant.setJuniorTrancheDustTolerance
DA:945,12
DA:946,12
DA:948,12
DA:949,12
DA:964,17003
FN:964,RoycoDayAccountant._attributeDeltaToClaimOnRawNAV
FNDA:17003,RoycoDayAccountant._attributeDeltaToClaimOnRawNAV
DA:974,17003
BRDA:974,72,0,15890
DA:978,1113
DA:979,1113
DA:980,1113
DA:988,823
FN:988,RoycoDayAccountant._validateYieldShareConfig
FNDA:823,RoycoDayAccountant._validateYieldShareConfig
DA:990,823
BRDA:990,73,0,0
BRDA:990,73,1,0
DA:998,1590
FN:998,RoycoDayAccountant._initializeYDM
FNDA:1590,RoycoDayAccountant._initializeYDM
DA:1000,1590
BRDA:1000,74,0,0
BRDA:1000,74,1,0
DA:1002,1586
BRDA:1002,75,0,464
DA:1003,464
DA:1004,464
BRDA:1004,76,0,0
BRDA:1004,76,1,0
DA:1013,3661
FN:1013,RoycoDayAccountant.getState
FNDA:3661,RoycoDayAccountant.getState
DA:1014,3661
DA:1022,34596
FN:1022,RoycoDayAccountant._getRoycoDayAccountantStorage
FNDA:34596,RoycoDayAccountant._getRoycoDayAccountantStorage
DA:1024,0
FNF:33
FNH:33
LF:369
LH:368
BRF:117
BRH:73
end_of_record
TN:
SF:src/auth/RoycoAuth.sol
DA:17,3050
FN:17,RoycoAuth.__RoycoAuth_init
FNDA:3050,RoycoAuth.__RoycoAuth_init
DA:18,3050
BRDA:18,0,0,0
BRDA:18,0,1,0
DA:19,3050
DA:20,0
DA:24,11
FN:24,RoycoAuth.pause
FNDA:11,RoycoAuth.pause
DA:25,0
DA:29,5
FN:29,RoycoAuth.unpause
FNDA:5,RoycoAuth.unpause
DA:30,0
FNF:3
FNH:3
LF:8
LH:5
BRF:2
BRH:0
end_of_record
TN:
SF:src/auth/RoycoBlacklist.sol
DA:29,243
FN:29,RoycoBlacklist.initialize
FNDA:243,RoycoBlacklist.initialize
DA:31,243
DA:34,243
DA:36,243
DA:44,17
FN:44,RoycoBlacklist.blacklistAccounts
FNDA:17,RoycoBlacklist.blacklistAccounts
DA:45,17
DA:49,2
FN:49,RoycoBlacklist.unblacklistAccounts
FNDA:2,RoycoBlacklist.unblacklistAccounts
DA:50,2
DA:51,2
DA:52,2
DA:53,2
BRDA:53,0,0,0
BRDA:53,0,1,0
DA:54,1
DA:55,2
DA:64,9126
FN:64,RoycoBlacklist.isBlacklisted
FNDA:9126,RoycoBlacklist.isBlacklisted
DA:66,9126
BRDA:66,1,0,2212
DA:67,6914
DA:71,9011
FN:71,RoycoBlacklist.enforceNotBlacklisted.0
FNDA:9011,RoycoBlacklist.enforceNotBlacklisted.0
DA:72,9011
BRDA:72,2,0,0
BRDA:72,2,1,0
DA:76,3016
FN:76,RoycoBlacklist.enforceNotBlacklisted.1
FNDA:3016,RoycoBlacklist.enforceNotBlacklisted.1
DA:77,3016
DA:78,3016
DA:79,9009
DA:88,2
FN:88,RoycoBlacklist.setSanctionsList
FNDA:2,RoycoBlacklist.setSanctionsList
DA:89,2
DA:93,1
FN:93,RoycoBlacklist.getSanctionsList
FNDA:1,RoycoBlacklist.getSanctionsList
DA:94,1
DA:106,259
FN:106,RoycoBlacklist._blacklistAccounts
FNDA:259,RoycoBlacklist._blacklistAccounts
DA:107,259
DA:108,259
DA:109,19
DA:110,19
BRDA:110,3,0,0
BRDA:110,3,1,0
DA:111,18
DA:112,19
DA:118,244
FN:118,RoycoBlacklist._setSanctionsList
FNDA:244,RoycoBlacklist._setSanctionsList
DA:119,244
DA:120,244
DA:129,6864
FN:129,RoycoBlacklist._isSanctioned
FNDA:6864,RoycoBlacklist._isSanctioned
DA:130,6864
DA:131,6864
DA:143,14284
FN:143,RoycoBlacklist._getRoycoBlacklistStorage
FNDA:14284,RoycoBlacklist._getRoycoBlacklistStorage
DA:145,0
FNF:12
FNH:12
LF:41
LH:40
BRF:7
BRH:1
end_of_record
TN:
SF:src/base/RoycoBase.sol
DA:19,3069
FN:19,RoycoBase.constructor
FNDA:3069,RoycoBase.constructor
DA:20,0
DA:25,3050
FN:25,RoycoBase.__RoycoBase_init
FNDA:3050,RoycoBase.__RoycoBase_init
DA:26,3050
DA:30,1
FN:30,RoycoBase._authorizeUpgrade
FNDA:1,RoycoBase._authorizeUpgrade
DA:31,1
BRDA:31,0,0,0
BRDA:31,0,1,0
FNF:3
FNH:3
LF:6
LH:5
BRF:2
BRH:0
end_of_record
TN:
SF:src/factory/RoycoFactory.sol
DA:33,1825
FN:33,RoycoFactory.onlyActiveTemplate
FNDA:1825,RoycoFactory.onlyActiveTemplate
DA:34,1825
BRDA:34,0,0,0
BRDA:34,0,1,0
DA:42,255
FN:42,RoycoFactory.constructor
FNDA:255,RoycoFactory.constructor
DA:43,0
DA:51,253
FN:51,RoycoFactory.initialize
FNDA:253,RoycoFactory.initialize
DA:52,253
BRDA:52,1,0,0
BRDA:52,1,1,0
DA:53,252
BRDA:53,2,0,0
BRDA:53,2,1,0
DA:55,251
DA:58,251
DA:59,251
BRDA:59,3,0,0
BRDA:59,3,1,0
DA:62,251
DA:65,250
DA:66,250
DA:67,250
DA:69,250
DA:70,250
DA:71,250
DA:73,250
DA:74,250
DA:75,250
DA:76,250
DA:79,250
DA:83,1597
FN:83,RoycoFactory.ROYCO_AUTHORITY
FNDA:1597,RoycoFactory.ROYCO_AUTHORITY
DA:84,1597
DA:93,240
FN:93,RoycoFactory.registerTemplate
FNDA:240,RoycoFactory.registerTemplate
DA:94,240
BRDA:94,4,0,0
BRDA:94,4,1,0
DA:96,239
DA:97,239
BRDA:97,5,0,0
BRDA:97,5,1,0
DA:100,238
BRDA:100,6,0,238
BRDA:100,6,1,0
DA:103,237
BRDA:103,7,0,237
BRDA:103,7,1,0
DA:105,237
DA:106,237
DA:110,3
FN:110,RoycoFactory.disableTemplate
FNDA:3,RoycoFactory.disableTemplate
DA:111,3
DA:112,3
DA:116,5
FN:116,RoycoFactory.isTemplateEnabled
FNDA:5,RoycoFactory.isTemplateEnabled
DA:117,5
DA:125,230
FN:125,RoycoFactory.executeMarketDeployment
FNDA:230,RoycoFactory.executeMarketDeployment
DA:135,230
DA:137,230
BRDA:137,8,0,0
BRDA:137,8,1,0
DA:138,230
BRDA:138,9,0,0
BRDA:138,9,1,0
DA:141,228
DA:142,228
DA:145,230
DA:148,228
DA:151,228
DA:152,228
DA:154,228
DA:162,1824
FN:162,RoycoFactory.deployDeterministicContract
FNDA:1824,RoycoFactory.deployDeterministicContract
DA:173,1824
DA:174,1824
BRDA:174,10,0,0
DA:177,1824
DA:181,1368
FN:181,RoycoFactory.deployDeterministicProxy
FNDA:1368,RoycoFactory.deployDeterministicProxy
DA:193,1368
DA:194,1368
BRDA:194,11,0,0
DA:197,1368
DA:198,1368
DA:199,1368
DA:203,1140
FN:203,RoycoFactory.predictDeterministicAddress
FNDA:1140,RoycoFactory.predictDeterministicAddress
DA:204,1140
DA:208,13908
FN:208,RoycoFactory.setMarketTargetFunctionRole
FNDA:13908,RoycoFactory.setMarketTargetFunctionRole
DA:209,13908
DA:210,13908
DA:211,13908
DA:215,684
FN:215,RoycoFactory.grantMarketRole
FNDA:684,RoycoFactory.grantMarketRole
DA:216,684
DA:220,0
FN:220,RoycoFactory.executeAsFactory
FNDA:0,RoycoFactory.executeAsFactory
DA:230,0
DA:231,0
DA:232,0
BRDA:232,12,0,-
BRDA:232,12,1,-
DA:240,3
FN:240,RoycoFactory.seniorTrancheToJuniorTranche
FNDA:3,RoycoFactory.seniorTrancheToJuniorTranche
DA:241,3
DA:245,2
FN:245,RoycoFactory.juniorTrancheToSeniorTranche
FNDA:2,RoycoFactory.juniorTrancheToSeniorTranche
DA:246,2
DA:253,482
FN:253,RoycoFactory._getRoycoFactoryStorage
FNDA:482,RoycoFactory._getRoycoFactoryStorage
DA:255,0
FNF:17
FNH:16
LF:76
LH:70
BRF:24
BRH:2
end_of_record
TN:
SF:src/factory/templates/BalancerV3DeploymentTemplate.sol
DA:211,251
FN:211,BalancerV3DeploymentTemplate.constructor
FNDA:251,BalancerV3DeploymentTemplate.constructor
DA:218,251
DA:219,251
DA:220,251
DA:221,251
BRDA:221,0,0,251
BRDA:221,0,1,0
DA:222,251
DA:223,251
DA:253,228
FN:253,BalancerV3DeploymentTemplate.deployMarket
FNDA:228,BalancerV3DeploymentTemplate.deployMarket
DA:254,228
DA:257,228
DA:258,228
DA:259,228
DA:260,228
DA:261,228
DA:265,228
DA:266,228
DA:269,228
DA:270,228
DA:274,228
DA:278,228
DA:283,228
DA:286,228
DA:287,228
DA:290,228
DA:291,228
DA:294,228
DA:295,228
DA:298,228
DA:301,228
DA:302,228
DA:305,228
DA:308,228
DA:314,228
FN:314,BalancerV3DeploymentTemplate._deployBPTOracle
FNDA:228,BalancerV3DeploymentTemplate._deployBPTOracle
DA:315,228
DA:316,228
DA:317,228
DA:318,456
DA:321,228
DA:329,228
FN:329,BalancerV3DeploymentTemplate._deployKernelImplAndProxy
FNDA:228,BalancerV3DeploymentTemplate._deployKernelImplAndProxy
DA:338,228
DA:348,228
DA:350,228
DA:356,228
DA:368,228
FN:368,BalancerV3DeploymentTemplate._createBalancerV3Pool
FNDA:228,BalancerV3DeploymentTemplate._createBalancerV3Pool
DA:379,228
DA:381,228
DA:382,228
DA:383,228
DA:385,228
DA:386,228
DA:389,228
DA:405,456
FN:405,BalancerV3DeploymentTemplate._buildTokenConfig
FNDA:456,BalancerV3DeploymentTemplate._buildTokenConfig
DA:415,456
DA:416,456
DA:428,228
FN:428,BalancerV3DeploymentTemplate._buildRoleBindings
FNDA:228,BalancerV3DeploymentTemplate._buildRoleBindings
DA:429,228
DA:430,228
DA:431,228
DA:432,228
DA:433,228
DA:434,228
DA:435,228
DA:436,228
DA:437,228
DA:438,228
DA:440,228
DA:441,228
DA:442,228
DA:443,228
DA:445,228
DA:450,228
FN:450,BalancerV3DeploymentTemplate._kernelQuoterBinding
FNDA:228,BalancerV3DeploymentTemplate._kernelQuoterBinding
DA:451,228
DA:452,228
DA:453,228
DA:454,228
DA:455,228
DA:456,228
DA:457,228
DA:461,228
FN:461,BalancerV3DeploymentTemplate._balancerHookBinding
FNDA:228,BalancerV3DeploymentTemplate._balancerHookBinding
DA:462,228
DA:463,228
DA:464,228
DA:465,228
DA:466,228
DA:467,228
DA:468,228
DA:469,228
DA:470,228
DA:475,684
FN:475,BalancerV3DeploymentTemplate._trancheBinding
FNDA:684,BalancerV3DeploymentTemplate._trancheBinding
DA:477,684
DA:478,684
DA:479,684
DA:480,684
DA:481,684
DA:482,684
DA:483,684
DA:484,684
DA:485,684
DA:486,684
DA:487,684
DA:488,684
DA:489,684
DA:490,684
DA:491,684
DA:492,684
DA:493,684
DA:494,228
BRDA:494,1,0,228
DA:495,228
DA:496,228
DA:497,228
DA:498,228
DA:500,684
DA:503,228
FN:503,BalancerV3DeploymentTemplate._kernelBinding
FNDA:228,BalancerV3DeploymentTemplate._kernelBinding
DA:504,228
DA:505,228
DA:506,228
DA:507,228
DA:508,228
DA:509,228
DA:510,228
DA:511,228
DA:512,228
DA:513,228
DA:514,228
DA:515,228
DA:516,228
DA:517,228
DA:518,228
DA:519,228
DA:520,228
DA:521,228
DA:522,228
DA:525,228
FN:525,BalancerV3DeploymentTemplate._accountantBinding
FNDA:228,BalancerV3DeploymentTemplate._accountantBinding
DA:526,228
DA:527,228
DA:528,228
DA:529,228
DA:530,228
DA:531,228
DA:532,228
DA:533,228
DA:534,228
DA:535,228
DA:536,228
DA:537,228
DA:538,228
DA:539,228
DA:540,228
DA:541,228
DA:542,228
DA:543,228
DA:544,228
DA:545,228
DA:546,228
DA:547,228
DA:548,228
DA:549,228
DA:550,228
DA:551,228
DA:552,228
DA:553,228
DA:554,228
DA:555,228
DA:556,228
DA:557,228
DA:558,228
DA:559,228
DA:560,228
DA:563,228
FN:563,BalancerV3DeploymentTemplate._balancerVaultBinding
FNDA:228,BalancerV3DeploymentTemplate._balancerVaultBinding
DA:564,228
DA:565,228
DA:566,228
DA:567,228
DA:568,228
DA:569,228
DA:570,228
DA:571,228
DA:572,228
DA:575,228
FN:575,BalancerV3DeploymentTemplate._balancerProtocolFeeControllerBinding
FNDA:228,BalancerV3DeploymentTemplate._balancerProtocolFeeControllerBinding
DA:576,228
DA:577,228
DA:578,228
DA:579,228
DA:580,228
DA:581,228
DA:582,228
DA:583,228
DA:584,228
FNF:14
FNH:14
LF:188
LH:188
BRF:3
BRH:2
end_of_record
TN:
SF:src/factory/templates/DayIdenticalERC4626ChainlinkDeploymentTemplate.sol
DA:32,228
FN:32,DayIdenticalERC4626ChainlinkDeploymentTemplate._kernelComponentId
FNDA:228,DayIdenticalERC4626ChainlinkDeploymentTemplate._kernelComponentId
DA:33,228
DA:37,228
FN:37,DayIdenticalERC4626ChainlinkDeploymentTemplate._kernelInitData
FNDA:228,DayIdenticalERC4626ChainlinkDeploymentTemplate._kernelInitData
DA:47,228
DA:48,228
DA:50,228
DA:51,228
DA:60,228
FN:60,DayIdenticalERC4626ChainlinkDeploymentTemplate._kernelQuoterBinding
FNDA:228,DayIdenticalERC4626ChainlinkDeploymentTemplate._kernelQuoterBinding
DA:61,228
DA:63,228
DA:64,228
DA:65,228
DA:66,456
DA:67,456
DA:69,228
DA:70,228
DA:71,228
DA:72,228
DA:73,228
DA:74,228
DA:75,228
DA:76,228
FNF:3
FNH:3
LF:22
LH:22
BRF:0
BRH:0
end_of_record
TN:
SF:src/factory/templates/base/BaseDeploymentTemplate.sol
DA:102,228
FN:102,BaseDeploymentTemplate.onlyRoycoFactory
FNDA:228,BaseDeploymentTemplate.onlyRoycoFactory
DA:103,228
BRDA:103,0,0,0
BRDA:103,0,1,0
DA:112,251
FN:112,BaseDeploymentTemplate.constructor
FNDA:251,BaseDeploymentTemplate.constructor
DA:113,251
BRDA:113,1,0,0
BRDA:113,1,1,0
DA:114,251
DA:118,235
FN:118,BaseDeploymentTemplate.initialize
FNDA:235,BaseDeploymentTemplate.initialize
DA:119,235
BRDA:119,2,0,0
BRDA:119,2,1,0
DA:121,0
DA:122,235
DA:123,1645
DA:124,1645
BRDA:124,3,0,0
BRDA:124,3,1,0
DA:125,1645
BRDA:125,4,0,0
BRDA:125,4,1,0
DA:126,1645
DA:131,1
FN:131,BaseDeploymentTemplate.bytecodePointer
FNDA:1,BaseDeploymentTemplate.bytecodePointer
DA:132,1
DA:136,238
FN:136,BaseDeploymentTemplate.isInitialized
FNDA:238,BaseDeploymentTemplate.isInitialized
DA:137,238
DA:151,4560
FN:151,BaseDeploymentTemplate._marketComponentSalt
FNDA:4560,BaseDeploymentTemplate._marketComponentSalt
DA:152,4560
DA:160,1824
FN:160,BaseDeploymentTemplate._readCreationCode
FNDA:1824,BaseDeploymentTemplate._readCreationCode
DA:161,1824
DA:162,1824
BRDA:162,5,0,0
BRDA:162,5,1,0
DA:163,1824
DA:171,0
FN:171,BaseDeploymentTemplate._deployImpl.0
FNDA:0,BaseDeploymentTemplate._deployImpl.0
DA:172,0
DA:177,1368
FN:177,BaseDeploymentTemplate._deployImpl.1
FNDA:1368,BaseDeploymentTemplate._deployImpl.1
DA:178,1368
DA:179,1368
DA:180,1368
DA:181,1368
BRDA:181,6,0,0
BRDA:181,6,1,0
DA:186,1368
FN:186,BaseDeploymentTemplate._deployProxy
FNDA:1368,BaseDeploymentTemplate._deployProxy
DA:187,1368
DA:188,1368
DA:189,1368
BRDA:189,7,0,0
BRDA:189,7,1,0
DA:199,456
FN:199,BaseDeploymentTemplate._deployYDM
FNDA:456,BaseDeploymentTemplate._deployYDM
DA:200,456
DA:201,456
DA:205,228
FN:205,BaseDeploymentTemplate._deploySeniorTrancheImpl
FNDA:228,BaseDeploymentTemplate._deploySeniorTrancheImpl
DA:206,228
DA:210,228
FN:210,BaseDeploymentTemplate._deployJuniorTrancheImpl
FNDA:228,BaseDeploymentTemplate._deployJuniorTrancheImpl
DA:211,228
DA:215,228
FN:215,BaseDeploymentTemplate._deployLiquidityTrancheImpl
FNDA:228,BaseDeploymentTemplate._deployLiquidityTrancheImpl
DA:216,228
DA:220,228
FN:220,BaseDeploymentTemplate._deployAccountantImpl
FNDA:228,BaseDeploymentTemplate._deployAccountantImpl
DA:221,228
DA:230,684
FN:230,BaseDeploymentTemplate._encodeTrancheInitData
FNDA:684,BaseDeploymentTemplate._encodeTrancheInitData
DA:231,684
DA:232,684
DA:243,228
FN:243,BaseDeploymentTemplate._encodeAccountantInitData
FNDA:228,BaseDeploymentTemplate._encodeAccountantInitData
DA:252,228
DA:253,228
DA:254,228
DA:262,228
FN:262,BaseDeploymentTemplate._applyRoleBindings
FNDA:228,BaseDeploymentTemplate._applyRoleBindings
DA:264,228
DA:265,228
DA:266,2052
DA:267,2052
BRDA:267,8,0,0
BRDA:267,8,1,0
DA:268,2052
DA:269,2052
DA:270,13908
DA:275,228
DA:276,228
DA:277,684
DA:278,684
FNF:18
FNH:17
LF:64
LH:61
BRF:18
BRH:0
end_of_record
TN:
SF:src/kernels/Identical_ERC4626_ST_JT_SharePriceToChainlinkOracle_BalancerV3_BPTOracle_LT_Kernel.sol
DA:46,383
FN:46,Identical_ERC4626_ST_JT_SharePriceToChainlinkOracle_BalancerV3_BPTOracle_LT_Kernel.initialize
FNDA:383,Identical_ERC4626_ST_JT_SharePriceToChainlinkOracle_BalancerV3_BPTOracle_LT_Kernel.initialize
DA:54,383
DA:56,381
DA:58,383
DA:62,3072
FN:62,Identical_ERC4626_ST_JT_SharePriceToChainlinkOracle_BalancerV3_BPTOracle_LT_Kernel._initializeQuoterCache
FNDA:3072,Identical_ERC4626_ST_JT_SharePriceToChainlinkOracle_BalancerV3_BPTOracle_LT_Kernel._initializeQuoterCache
DA:63,0
FNF:2
FNH:2
LF:6
LH:5
BRF:0
BRH:0
end_of_record
TN:
SF:src/kernels/base/RoycoDayKernel.sol
DA:58,12
FN:58,RoycoDayKernel.onlySelf
FNDA:12,RoycoDayKernel.onlySelf
DA:59,12
BRDA:59,0,0,0
BRDA:59,0,1,0
DA:65,579
FN:65,RoycoDayKernel.onlySeniorTranche
FNDA:579,RoycoDayKernel.onlySeniorTranche
DA:66,579
BRDA:66,1,0,0
BRDA:66,1,1,0
DA:72,492
FN:72,RoycoDayKernel.onlyJuniorTranche
FNDA:492,RoycoDayKernel.onlyJuniorTranche
DA:73,492
BRDA:73,2,0,0
BRDA:73,2,1,0
DA:79,125
FN:79,RoycoDayKernel.onlyLiquidityTranche
FNDA:125,RoycoDayKernel.onlyLiquidityTranche
DA:80,125
BRDA:80,3,0,0
BRDA:80,3,1,0
DA:85,4874
FN:85,RoycoDayKernel.onlyTranche
FNDA:4874,RoycoDayKernel.onlyTranche
DA:86,4874
BRDA:86,4,0,4874
BRDA:86,4,1,1240
DA:92,10
FN:92,RoycoDayKernel.withQuoterCache
FNDA:10,RoycoDayKernel.withQuoterCache
DA:93,0
DA:103,387
FN:103,RoycoDayKernel.constructor
FNDA:387,RoycoDayKernel.constructor
DA:105,387
BRDA:105,5,0,387
BRDA:105,5,1,386
DA:112,386
DA:113,386
DA:114,386
DA:115,386
DA:116,386
DA:117,386
DA:118,386
DA:119,386
DA:122,386
BRDA:122,6,0,386
BRDA:122,6,1,0
DA:130,383
FN:130,RoycoDayKernel.__RoycoDayKernel_init
FNDA:383,RoycoDayKernel.__RoycoDayKernel_init
DA:132,383
BRDA:132,7,0,383
BRDA:132,7,1,0
DA:138,382
BRDA:138,8,0,382
BRDA:138,8,1,382
DA:141,381
DA:144,381
DA:145,381
DA:146,381
DA:147,381
DA:148,381
DA:149,381
DA:150,383
DA:180,31
FN:180,RoycoDayKernel.stPreviewDeposit
FNDA:31,RoycoDayKernel.stPreviewDeposit
DA:186,31
DA:190,20
FN:190,RoycoDayKernel.jtPreviewDeposit
FNDA:20,RoycoDayKernel.jtPreviewDeposit
DA:196,20
DA:200,32
FN:200,RoycoDayKernel.ltPreviewDeposit
FNDA:32,RoycoDayKernel.ltPreviewDeposit
DA:206,32
DA:210,13
FN:210,RoycoDayKernel.ltPreviewDepositMultiAsset
FNDA:13,RoycoDayKernel.ltPreviewDepositMultiAsset
DA:219,13
DA:223,7
FN:223,RoycoDayKernel.ltPreviewRedeemMultiAsset
FNDA:7,RoycoDayKernel.ltPreviewRedeemMultiAsset
DA:229,7
DA:233,43
FN:233,RoycoDayKernel.stPreviewRedeem
FNDA:43,RoycoDayKernel.stPreviewRedeem
DA:234,43
DA:238,44
FN:238,RoycoDayKernel.jtPreviewRedeem
FNDA:44,RoycoDayKernel.jtPreviewRedeem
DA:239,44
DA:243,44
FN:243,RoycoDayKernel.ltPreviewRedeem
FNDA:44,RoycoDayKernel.ltPreviewRedeem
DA:244,44
DA:253,83
FN:253,RoycoDayKernel.stMaxDeposit
FNDA:83,RoycoDayKernel.stMaxDeposit
DA:254,83
DA:259,29
FN:259,RoycoDayKernel.stMaxWithdrawable
FNDA:29,RoycoDayKernel.stMaxWithdrawable
DA:266,29
DA:271,9
FN:271,RoycoDayKernel.jtMaxDeposit
FNDA:9,RoycoDayKernel.jtMaxDeposit
DA:272,9
DA:277,67
FN:277,RoycoDayKernel.jtMaxWithdrawable
FNDA:67,RoycoDayKernel.jtMaxWithdrawable
DA:284,67
DA:289,11
FN:289,RoycoDayKernel.ltMaxDeposit
FNDA:11,RoycoDayKernel.ltMaxDeposit
DA:290,11
DA:294,67
FN:294,RoycoDayKernel.ltMaxWithdrawable
FNDA:67,RoycoDayKernel.ltMaxWithdrawable
DA:301,67
DA:309,640
FN:309,RoycoDayKernel.syncTrancheAccounting
FNDA:640,RoycoDayKernel.syncTrancheAccounting
DA:319,640
DA:323,10
FN:323,RoycoDayKernel.reinvestLiquidityPremium
FNDA:10,RoycoDayKernel.reinvestLiquidityPremium
DA:324,10
DA:328,5500
FN:328,RoycoDayKernel.previewSyncTrancheAccounting
FNDA:5500,RoycoDayKernel.previewSyncTrancheAccounting
DA:336,5500
DA:345,575
FN:345,RoycoDayKernel.stDeposit
FNDA:575,RoycoDayKernel.stDeposit
DA:355,575
DA:360,88
FN:360,RoycoDayKernel.stRedeem
FNDA:88,RoycoDayKernel.stRedeem
DA:373,88
DA:382,490
FN:382,RoycoDayKernel.jtDeposit
FNDA:490,RoycoDayKernel.jtDeposit
DA:392,490
DA:397,111
FN:397,RoycoDayKernel.jtRedeem
FNDA:111,RoycoDayKernel.jtRedeem
DA:410,111
DA:419,436
FN:419,RoycoDayKernel.ltDeposit
FNDA:436,RoycoDayKernel.ltDeposit
DA:429,436
DA:434,123
FN:434,RoycoDayKernel.ltRedeem
FNDA:123,RoycoDayKernel.ltRedeem
DA:447,123
DA:452,568
FN:452,RoycoDayKernel.ltDepositMultiAsset
FNDA:568,RoycoDayKernel.ltDepositMultiAsset
DA:466,568
DA:471,17
FN:471,RoycoDayKernel.ltRedeemMultiAsset
FNDA:17,RoycoDayKernel.ltRedeemMultiAsset
DA:486,17
DA:496,2
FN:496,RoycoDayKernel.setProtocolFeeRecipient
FNDA:2,RoycoDayKernel.setProtocolFeeRecipient
DA:497,2
BRDA:497,9,0,0
BRDA:497,9,1,0
DA:498,1
DA:499,2
DA:503,1
FN:503,RoycoDayKernel.setSeniorTrancheSelfLiquidationBonus
FNDA:1,RoycoDayKernel.setSeniorTrancheSelfLiquidationBonus
DA:504,1
DA:505,1
DA:509,11
FN:509,RoycoDayKernel.setRoycoBlacklist
FNDA:11,RoycoDayKernel.setRoycoBlacklist
DA:510,11
DA:511,11
DA:524,10
FN:524,RoycoDayKernel._preOpSyncTrancheAccounting
FNDA:10,RoycoDayKernel._preOpSyncTrancheAccounting
DA:525,10
DA:529,4873
FN:529,RoycoDayKernel.preTrancheBalanceUpdateHook
FNDA:4873,RoycoDayKernel.preTrancheBalanceUpdateHook
DA:541,4873
DA:544,4846
BRDA:544,10,0,27
DA:546,27
DA:549,27
DA:550,27
BRDA:550,11,0,27
BRDA:550,11,1,27
DA:554,0
DA:567,0
FN:567,RoycoDayKernel._preTrancheBalanceUpdate
FNDA:0,RoycoDayKernel._preTrancheBalanceUpdate
DA:575,0
FN:575,RoycoDayKernel._initializeQuoterCache
FNDA:0,RoycoDayKernel._initializeQuoterCache
DA:582,8846
FN:582,RoycoDayKernel._getRoycoDayKernelImmutableState
FNDA:8846,RoycoDayKernel._getRoycoDayKernelImmutableState
DA:583,8846
DA:595,2353
FN:595,RoycoDayKernel.getState
FNDA:2353,RoycoDayKernel.getState
DA:596,2353
DA:604,16783
FN:604,RoycoDayKernel._getRoycoDayKernelStorage
FNDA:16783,RoycoDayKernel._getRoycoDayKernelStorage
DA:606,0
FNF:43
FNH:41
LF:111
LH:106
BRF:23
BRH:11
end_of_record
TN:
SF:src/kernels/base/quoter/identical-st-jt/IdenticalAssets_ST_JT_ChainlinkToAdminOracle_Quoter.sol
DA:35,0
FN:35,IdenticalAssets_ST_JT_ChainlinkToAdminOracle_Quoter.__IdenticalAssets_ST_JT_ChainlinkToAdminOracle_Quoter_init
FNDA:0,IdenticalAssets_ST_JT_ChainlinkToAdminOracle_Quoter.__IdenticalAssets_ST_JT_ChainlinkToAdminOracle_Quoter_init
DA:36,0
DA:37,0
DA:43,0
FN:43,IdenticalAssets_ST_JT_ChainlinkToAdminOracle_Quoter.setConversionRate
FNDA:0,IdenticalAssets_ST_JT_ChainlinkToAdminOracle_Quoter.setConversionRate
DA:51,0
DA:55,0
FN:55,IdenticalAssets_ST_JT_ChainlinkToAdminOracle_Quoter.getTrancheUnitToNAVUnitConversionRateWAD
FNDA:0,IdenticalAssets_ST_JT_ChainlinkToAdminOracle_Quoter.getTrancheUnitToNAVUnitConversionRateWAD
DA:61,0
FNF:3
FNH:0
LF:7
LH:0
BRF:0
BRH:0
end_of_record
TN:
SF:src/kernels/base/quoter/identical-st-jt/IdenticalERC4626Shares_ST_JT_SharePriceToAdminOracle_Quoter.sol
DA:26,0
FN:26,IdenticalERC4626Shares_ST_JT_SharePriceToAdminOracle_Quoter.__IdenticalERC4626Shares_ST_JT_SharePriceToAdminOracle_Quoter_init
FNDA:0,IdenticalERC4626Shares_ST_JT_SharePriceToAdminOracle_Quoter.__IdenticalERC4626Shares_ST_JT_SharePriceToAdminOracle_Quoter_init
DA:27,0
DA:31,0
FN:31,IdenticalERC4626Shares_ST_JT_SharePriceToAdminOracle_Quoter.setConversionRate
FNDA:0,IdenticalERC4626Shares_ST_JT_SharePriceToAdminOracle_Quoter.setConversionRate
DA:39,0
DA:43,0
FN:43,IdenticalERC4626Shares_ST_JT_SharePriceToAdminOracle_Quoter.getTrancheUnitToNAVUnitConversionRateWAD
FNDA:0,IdenticalERC4626Shares_ST_JT_SharePriceToAdminOracle_Quoter.getTrancheUnitToNAVUnitConversionRateWAD
DA:49,0
FNF:3
FNH:0
LF:6
LH:0
BRF:0
BRH:0
end_of_record
TN:
SF:src/kernels/base/quoter/identical-st-jt/IdenticalERC4626Shares_ST_JT_SharePriceToChainlinkOracle_Quoter.sol
DA:37,381
FN:37,IdenticalERC4626Shares_ST_JT_SharePriceToChainlinkOracle_Quoter.__IdenticalERC4626Shares_ST_JT_SharePriceToChainlinkOracle_Quoter_init
FNDA:381,IdenticalERC4626Shares_ST_JT_SharePriceToChainlinkOracle_Quoter.__IdenticalERC4626Shares_ST_JT_SharePriceToChainlinkOracle_Quoter_init
DA:38,381
DA:39,381
DA:50,3142
FN:50,IdenticalERC4626Shares_ST_JT_SharePriceToChainlinkOracle_Quoter.getTrancheUnitToNAVUnitConversionRateWAD
FNDA:3142,IdenticalERC4626Shares_ST_JT_SharePriceToChainlinkOracle_Quoter.getTrancheUnitToNAVUnitConversionRateWAD
DA:57,3142
DA:62,3138
FN:62,IdenticalERC4626Shares_ST_JT_SharePriceToChainlinkOracle_Quoter._getConversionRateFromOracleWAD
FNDA:3138,IdenticalERC4626Shares_ST_JT_SharePriceToChainlinkOracle_Quoter._getConversionRateFromOracleWAD
DA:69,3138
DA:71,3138
FNF:3
FNH:3
LF:8
LH:8
BRF:0
BRH:0
end_of_record
TN:
SF:src/kernels/base/quoter/identical-st-jt/IdenticalMakinaShares_ST_JT_SharePriceToAdminOracle_Quoter.sol
DA:31,0
FN:31,IdenticalMakinaShares_ST_JT_SharePriceToAdminOracle_Quoter.constructor
FNDA:0,IdenticalMakinaShares_ST_JT_SharePriceToAdminOracle_Quoter.constructor
DA:33,0
BRDA:33,0,0,-
BRDA:33,0,1,-
DA:35,0
BRDA:35,1,0,-
BRDA:35,1,1,-
DA:36,0
DA:45,0
DA:57,0
FN:57,IdenticalMakinaShares_ST_JT_SharePriceToAdminOracle_Quoter.__IdenticalMakinaShares_ST_JT_SharePriceToAdminOracle_Quoter_init
FNDA:0,IdenticalMakinaShares_ST_JT_SharePriceToAdminOracle_Quoter.__IdenticalMakinaShares_ST_JT_SharePriceToAdminOracle_Quoter_init
DA:58,0
DA:67,0
FN:67,IdenticalMakinaShares_ST_JT_SharePriceToAdminOracle_Quoter.getTrancheUnitToNAVUnitConversionRateWAD
FNDA:0,IdenticalMakinaShares_ST_JT_SharePriceToAdminOracle_Quoter.getTrancheUnitToNAVUnitConversionRateWAD
DA:75,0
DA:78,0
DA:81,0
FNF:3
FNH:0
LF:11
LH:0
BRF:4
BRH:0
end_of_record
TN:
SF:src/kernels/base/quoter/identical-st-jt/base/IdenticalAssets_ST_JT_AdminOracle_Quoter.sol
DA:23,0
FN:23,IdenticalAssets_ST_JT_AdminOracle_Quoter.__IdenticalAssets_ST_JT_AdminOracle_Quoter_init
FNDA:0,IdenticalAssets_ST_JT_AdminOracle_Quoter.__IdenticalAssets_ST_JT_AdminOracle_Quoter_init
DA:25,0
BRDA:25,0,0,-
BRDA:25,0,1,-
DA:27,0
DA:32,0
FN:32,IdenticalAssets_ST_JT_AdminOracle_Quoter.setConversionRate
FNDA:0,IdenticalAssets_ST_JT_AdminOracle_Quoter.setConversionRate
DA:34,0
BRDA:34,1,0,-
BRDA:34,1,1,-
DA:36,0
DA:40,0
FN:40,IdenticalAssets_ST_JT_AdminOracle_Quoter._getConversionRateFromOracleWAD
FNDA:0,IdenticalAssets_ST_JT_AdminOracle_Quoter._getConversionRateFromOracleWAD
DA:41,0
FNF:3
FNH:0
LF:8
LH:0
BRF:4
BRH:0
end_of_record
TN:
SF:src/kernels/base/quoter/identical-st-jt/base/IdenticalAssets_ST_JT_ChainlinkOracle_Quoter.sol
DA:69,381
FN:69,IdenticalAssets_ST_JT_ChainlinkOracle_Quoter.__IdenticalAssets_ST_JT_ChainlinkOracle_Quoter_init_unchained
FNDA:381,IdenticalAssets_ST_JT_ChainlinkOracle_Quoter.__IdenticalAssets_ST_JT_ChainlinkOracle_Quoter_init_unchained
DA:78,381
DA:79,381
DA:87,0
FN:87,IdenticalAssets_ST_JT_ChainlinkOracle_Quoter.getTrancheUnitToNAVUnitConversionRateWAD
FNDA:0,IdenticalAssets_ST_JT_ChainlinkOracle_Quoter.getTrancheUnitToNAVUnitConversionRateWAD
DA:95,0
DA:98,0
DA:100,0
BRDA:100,0,0,-
DA:103,0
DA:113,3
FN:113,IdenticalAssets_ST_JT_ChainlinkOracle_Quoter.setChainlinkOracle
FNDA:3,IdenticalAssets_ST_JT_ChainlinkOracle_Quoter.setChainlinkOracle
DA:115,1
BRDA:115,1,0,1
DA:117,3
DA:119,2
DA:128,3
FN:128,IdenticalAssets_ST_JT_ChainlinkOracle_Quoter.setSequencerUptimeFeed
FNDA:3,IdenticalAssets_ST_JT_ChainlinkOracle_Quoter.setSequencerUptimeFeed
DA:129,3
DA:133,1
FN:133,IdenticalAssets_ST_JT_ChainlinkOracle_Quoter.getChainlinkOracleConfiguration
FNDA:1,IdenticalAssets_ST_JT_ChainlinkOracle_Quoter.getChainlinkOracleConfiguration
DA:134,1
DA:143,3138
FN:143,IdenticalAssets_ST_JT_ChainlinkOracle_Quoter._queryChainlinkOracle
FNDA:3138,IdenticalAssets_ST_JT_ChainlinkOracle_Quoter._queryChainlinkOracle
DA:145,3138
DA:148,3138
DA:149,3138
BRDA:149,2,0,4
DA:150,4
DA:152,4
BRDA:152,3,0,0
BRDA:152,3,1,0
DA:155,4
BRDA:155,4,0,3
BRDA:155,4,1,2
DA:158,3135
DA:159,3135
DA:162,3134
BRDA:162,5,0,0
BRDA:162,5,1,0
DA:163,3129
BRDA:163,6,0,0
BRDA:163,6,1,0
DA:164,3134
BRDA:164,7,0,0
BRDA:164,7,1,0
DA:167,3134
DA:168,3126
DA:176,384
FN:176,IdenticalAssets_ST_JT_ChainlinkOracle_Quoter._setChainlinkOracle
FNDA:384,IdenticalAssets_ST_JT_ChainlinkOracle_Quoter._setChainlinkOracle
DA:178,384
BRDA:178,8,0,384
BRDA:178,8,1,2
DA:180,383
DA:181,383
DA:182,383
DA:184,384
DA:194,384
FN:194,IdenticalAssets_ST_JT_ChainlinkOracle_Quoter._setSequencerUptimeFeed
FNDA:384,IdenticalAssets_ST_JT_ChainlinkOracle_Quoter._setSequencerUptimeFeed
DA:195,384
BRDA:195,9,0,384
BRDA:195,9,1,2
DA:197,383
DA:198,383
DA:199,383
DA:201,384
DA:209,3905
FN:209,IdenticalAssets_ST_JT_ChainlinkOracle_Quoter._getIdenticalAssets_ST_JT_ChainlinkOracle_QuoterStorage
FNDA:3905,IdenticalAssets_ST_JT_ChainlinkOracle_Quoter._getIdenticalAssets_ST_JT_ChainlinkOracle_QuoterStorage
DA:211,0
FNF:9
FNH:8
LF:44
LH:38
BRF:17
BRH:8
end_of_record
TN:
SF:src/kernels/base/quoter/identical-st-jt/base/IdenticalAssets_ST_JT_Oracle_Quoter.sol
DA:49,387
FN:49,IdenticalAssets_ST_JT_Oracle_Quoter.constructor
FNDA:387,IdenticalAssets_ST_JT_Oracle_Quoter.constructor
DA:52,385
BRDA:52,0,0,0
BRDA:52,0,1,0
DA:54,385
DA:59,381
FN:59,IdenticalAssets_ST_JT_Oracle_Quoter.__IdenticalAssets_ST_JT_Oracle_Quoter_init_unchained
FNDA:381,IdenticalAssets_ST_JT_Oracle_Quoter.__IdenticalAssets_ST_JT_Oracle_Quoter_init_unchained
DA:61,381
BRDA:61,1,0,380
DA:62,1
DA:63,1
DA:67,13269
FN:67,IdenticalAssets_ST_JT_Oracle_Quoter.stConvertTrancheUnitsToNAVUnits
FNDA:13269,IdenticalAssets_ST_JT_Oracle_Quoter.stConvertTrancheUnitsToNAVUnits
DA:68,13269
DA:72,11639
FN:72,IdenticalAssets_ST_JT_Oracle_Quoter.jtConvertTrancheUnitsToNAVUnits
FNDA:11639,IdenticalAssets_ST_JT_Oracle_Quoter.jtConvertTrancheUnitsToNAVUnits
DA:73,11639
DA:77,2763
FN:77,IdenticalAssets_ST_JT_Oracle_Quoter.stConvertNAVUnitsToTrancheUnits
FNDA:2763,IdenticalAssets_ST_JT_Oracle_Quoter.stConvertNAVUnitsToTrancheUnits
DA:78,2763
DA:82,1872
FN:82,IdenticalAssets_ST_JT_Oracle_Quoter.jtConvertNAVUnitsToTrancheUnits
FNDA:1872,IdenticalAssets_ST_JT_Oracle_Quoter.jtConvertNAVUnitsToTrancheUnits
DA:83,1872
DA:94,3
FN:94,IdenticalAssets_ST_JT_Oracle_Quoter.setConversionRate
FNDA:3,IdenticalAssets_ST_JT_Oracle_Quoter.setConversionRate
DA:96,1
BRDA:96,2,0,1
DA:98,3
DA:99,3
DA:101,3
DA:109,0
FN:109,IdenticalAssets_ST_JT_Oracle_Quoter.getTrancheUnitToNAVUnitConversionRateWAD
FNDA:0,IdenticalAssets_ST_JT_Oracle_Quoter.getTrancheUnitToNAVUnitConversionRateWAD
DA:111,0
DA:112,0
BRDA:112,3,0,-
DA:113,0
DA:118,3144
FN:118,IdenticalAssets_ST_JT_Oracle_Quoter.getStoredConversionRateWAD
FNDA:3144,IdenticalAssets_ST_JT_Oracle_Quoter.getStoredConversionRateWAD
DA:119,3144
DA:124,3072
FN:124,IdenticalAssets_ST_JT_Oracle_Quoter._initializeQuoterCache
FNDA:3072,IdenticalAssets_ST_JT_Oracle_Quoter._initializeQuoterCache
DA:126,3072
DA:134,29543
FN:134,IdenticalAssets_ST_JT_Oracle_Quoter._getCachedTrancheUnitToNAVUnitConversionRateWAD
FNDA:29543,IdenticalAssets_ST_JT_Oracle_Quoter._getCachedTrancheUnitToNAVUnitConversionRateWAD
DA:136,29543
DA:137,29473
BRDA:137,4,0,29473
DA:139,70
DA:143,24908
FN:143,IdenticalAssets_ST_JT_Oracle_Quoter._convertTrancheUnitsToNAVUnits
FNDA:24908,IdenticalAssets_ST_JT_Oracle_Quoter._convertTrancheUnitsToNAVUnits
DA:144,24908
DA:148,4635
FN:148,IdenticalAssets_ST_JT_Oracle_Quoter._convertNAVUnitsToTrancheUnits
FNDA:4635,IdenticalAssets_ST_JT_Oracle_Quoter._convertNAVUnitsToTrancheUnits
DA:149,4635
DA:165,3148
FN:165,IdenticalAssets_ST_JT_Oracle_Quoter._getIdenticalAssets_ST_JT_Oracle_QuoterStorage
FNDA:3148,IdenticalAssets_ST_JT_Oracle_Quoter._getIdenticalAssets_ST_JT_Oracle_QuoterStorage
DA:167,0
FNF:14
FNH:13
LF:38
LH:33
BRF:6
BRH:3
end_of_record
TN:
SF:src/kernels/base/quoter/identical-st-jt/base/IdenticalERC4626Shares_ST_JT_Oracle_Quoter.sol
DA:21,387
FN:21,IdenticalERC4626Shares_ST_JT_Oracle_Quoter.constructor
FNDA:387,IdenticalERC4626Shares_ST_JT_Oracle_Quoter.constructor
DA:29,385
DA:38,3142
FN:38,IdenticalERC4626Shares_ST_JT_Oracle_Quoter.getTrancheUnitToNAVUnitConversionRateWAD
FNDA:3142,IdenticalERC4626Shares_ST_JT_Oracle_Quoter.getTrancheUnitToNAVUnitConversionRateWAD
DA:46,3142
DA:49,3142
DA:51,3142
BRDA:51,0,0,3138
DA:54,3142
FNF:2
FNH:2
LF:7
LH:7
BRF:1
BRH:1
end_of_record
TN:
SF:src/kernels/base/quoter/liquidity-tranche/balancer-v3/BalancerV3_LT_BPTOracle_Quoter.sol
DA:94,387
FN:94,BalancerV3_LT_BPTOracle_Quoter.constructor
FNDA:387,BalancerV3_LT_BPTOracle_Quoter.constructor
DA:96,385
BRDA:96,0,0,385
BRDA:96,0,1,0
DA:98,385
BRDA:98,1,0,385
BRDA:98,1,1,0
DA:101,384
DA:102,384
BRDA:102,2,0,0
BRDA:102,2,1,0
DA:106,384
BRDA:106,3,0,226
BRDA:106,3,1,1
DA:107,158
BRDA:107,4,0,157
BRDA:107,4,1,1
DA:108,1
DA:111,226
DA:116,381
FN:116,BalancerV3_LT_BPTOracle_Quoter.__BalancerV3_LT_BPTOracle_Quoter_init_unchained
FNDA:381,BalancerV3_LT_BPTOracle_Quoter.__BalancerV3_LT_BPTOracle_Quoter_init_unchained
DA:117,381
DA:118,381
DA:132,18078
FN:132,BalancerV3_LT_BPTOracle_Quoter.ltConvertTrancheUnitsToNAVUnits
FNDA:18078,BalancerV3_LT_BPTOracle_Quoter.ltConvertTrancheUnitsToNAVUnits
DA:133,18078
DA:134,18078
BRDA:134,5,0,2049
DA:135,16029
DA:136,16029
DA:141,1949
FN:141,BalancerV3_LT_BPTOracle_Quoter.ltConvertNAVUnitsToTrancheUnits
FNDA:1949,BalancerV3_LT_BPTOracle_Quoter.ltConvertNAVUnitsToTrancheUnits
DA:142,1949
DA:143,1949
BRDA:143,6,0,1
DA:144,1948
DA:145,1948
DA:160,14084
FN:160,BalancerV3_LT_BPTOracle_Quoter.getRate
FNDA:14084,BalancerV3_LT_BPTOracle_Quoter.getRate
DA:162,14084
DA:163,14084
DA:166,14084
BRDA:166,7,0,2
DA:168,2
DA:169,2
DA:171,2
DA:175,2
DA:179,14084
DA:191,11
FN:191,BalancerV3_LT_BPTOracle_Quoter.previewAddLiquidity
FNDA:11,BalancerV3_LT_BPTOracle_Quoter.previewAddLiquidity
DA:192,11
DA:194,0
DA:203,5
FN:203,BalancerV3_LT_BPTOracle_Quoter.previewRemoveLiquidity
FNDA:5,BalancerV3_LT_BPTOracle_Quoter.previewRemoveLiquidity
DA:204,5
DA:206,0
DA:207,0
DA:217,563
FN:217,BalancerV3_LT_BPTOracle_Quoter.addLiquidity
FNDA:563,BalancerV3_LT_BPTOracle_Quoter.addLiquidity
DA:228,563
DA:230,0
DA:240,15
FN:240,BalancerV3_LT_BPTOracle_Quoter.removeLiquidity
FNDA:15,BalancerV3_LT_BPTOracle_Quoter.removeLiquidity
DA:252,15
DA:253,15
DA:255,0
DA:256,0
DA:267,232
FN:267,BalancerV3_LT_BPTOracle_Quoter.attemptLiquidityPremiumReinvestment
FNDA:232,BalancerV3_LT_BPTOracle_Quoter.attemptLiquidityPremiumReinvestment
DA:276,232
DA:291,806
FN:291,BalancerV3_LT_BPTOracle_Quoter.addBalancerV3Liquidity
FNDA:806,BalancerV3_LT_BPTOracle_Quoter.addBalancerV3Liquidity
DA:302,806
DA:306,20
FN:306,BalancerV3_LT_BPTOracle_Quoter.removeBalancerV3Liquidity
FNDA:20,BalancerV3_LT_BPTOracle_Quoter.removeBalancerV3Liquidity
DA:318,20
DA:332,3
FN:332,BalancerV3_LT_BPTOracle_Quoter.setBPTOracle
FNDA:3,BalancerV3_LT_BPTOracle_Quoter.setBPTOracle
DA:334,1
BRDA:334,8,0,1
DA:336,3
DA:338,2
DA:343,36
FN:343,BalancerV3_LT_BPTOracle_Quoter.setMaxReinvestmentSlippage
FNDA:36,BalancerV3_LT_BPTOracle_Quoter.setMaxReinvestmentSlippage
DA:344,36
DA:349,384
FN:349,BalancerV3_LT_BPTOracle_Quoter._setBPTOracle
FNDA:384,BalancerV3_LT_BPTOracle_Quoter._setBPTOracle
DA:350,384
BRDA:350,9,0,384
BRDA:350,9,1,0
DA:351,383
DA:352,384
DA:357,417
FN:357,BalancerV3_LT_BPTOracle_Quoter._setMaxReinvestmentSlippage
FNDA:417,BalancerV3_LT_BPTOracle_Quoter._setMaxReinvestmentSlippage
DA:358,417
BRDA:358,10,0,0
BRDA:358,10,1,0
DA:359,416
DA:360,417
DA:368,1058
FN:368,BalancerV3_LT_BPTOracle_Quoter._getBalancerV3VenueImmutableState
FNDA:1058,BalancerV3_LT_BPTOracle_Quoter._getBalancerV3VenueImmutableState
DA:369,1058
DA:380,4
FN:380,BalancerV3_LT_BPTOracle_Quoter.getBalancerV3QuoterState
FNDA:4,BalancerV3_LT_BPTOracle_Quoter.getBalancerV3QuoterState
DA:381,4
DA:389,19012
FN:389,BalancerV3_LT_BPTOracle_Quoter._getBalancerV3_LT_BPTOracle_QuoterStorage
FNDA:19012,BalancerV3_LT_BPTOracle_Quoter._getBalancerV3_LT_BPTOracle_QuoterStorage
DA:391,0
FNF:19
FNH:19
LF:72
LH:65
BRF:18
BRH:11
end_of_record
TN:
SF:src/kernels/base/quoter/liquidity-tranche/balancer-v3/RoycoDayBalancerV3Hooks.sol
DA:37,687
FN:37,RoycoDayBalancerV3Hooks.onlyLiquidityTrancheBalancerV3Pool
FNDA:687,RoycoDayBalancerV3Hooks.onlyLiquidityTrancheBalancerV3Pool
DA:38,687
BRDA:38,0,0,0
BRDA:38,0,1,0
DA:52,236
FN:52,RoycoDayBalancerV3Hooks.constructor
FNDA:236,RoycoDayBalancerV3Hooks.constructor
DA:53,236
DA:55,236
DA:60,236
FN:60,RoycoDayBalancerV3Hooks.initialize
FNDA:236,RoycoDayBalancerV3Hooks.initialize
DA:61,236
DA:74,1
FN:74,RoycoDayBalancerV3Hooks.onRegister
FNDA:1,RoycoDayBalancerV3Hooks.onRegister
DA:75,1
DA:80,687
FN:80,RoycoDayBalancerV3Hooks.onBeforeAddLiquidity
FNDA:687,RoycoDayBalancerV3Hooks.onBeforeAddLiquidity
DA:95,687
DA:100,20
FN:100,RoycoDayBalancerV3Hooks.onBeforeRemoveLiquidity
FNDA:20,RoycoDayBalancerV3Hooks.onBeforeRemoveLiquidity
DA:115,20
DA:119,2
FN:119,RoycoDayBalancerV3Hooks.onBeforeSwap
FNDA:2,RoycoDayBalancerV3Hooks.onBeforeSwap
DA:126,2
DA:131,1
FN:131,RoycoDayBalancerV3Hooks.getHookFlags
FNDA:1,RoycoDayBalancerV3Hooks.getHookFlags
DA:132,1
DA:158,3
FN:158,RoycoDayBalancerV3Hooks._preLiquidityOperationSyncTrancheAccounting
FNDA:3,RoycoDayBalancerV3Hooks._preLiquidityOperationSyncTrancheAccounting
DA:159,3
DA:160,3
FNF:9
FNH:9
LF:20
LH:20
BRF:2
BRH:0
end_of_record
TN:
SF:src/kernels/base/quoter/liquidity-tranche/balancer-v3/RoycoDayBalancerV3HooksStandIn.sol
DA:26,229
FN:26,RoycoDayBalancerV3HooksStandIn.onRegister
FNDA:229,RoycoDayBalancerV3HooksStandIn.onRegister
DA:27,229
DA:35,229
FN:35,RoycoDayBalancerV3HooksStandIn.getHookFlags
FNDA:229,RoycoDayBalancerV3HooksStandIn.getHookFlags
DA:36,229
DA:51,0
FN:51,RoycoDayBalancerV3HooksStandIn._authorizeUpgrade
FNDA:0,RoycoDayBalancerV3HooksStandIn._authorizeUpgrade
FNF:3
FNH:2
LF:5
LH:4
BRF:0
BRH:0
end_of_record
TN:
SF:src/kernels/base/quoter/liquidity-tranche/balancer-v3/libraries/BalancerV3VenueLogic.sol
DA:58,806
FN:58,BalancerV3VenueLogic.addBalancerV3Liquidity
FNDA:806,BalancerV3VenueLogic.addBalancerV3Liquidity
DA:69,806
DA:70,806
DA:71,806
DA:74,806
DA:87,722
BRDA:87,0,0,711
DA:89,711
BRDA:89,1,0,700
DA:90,700
DA:91,700
DA:93,711
BRDA:93,2,0,561
DA:94,561
DA:95,561
DA:114,20
FN:114,BalancerV3VenueLogic.removeBalancerV3Liquidity
FNDA:20,BalancerV3VenueLogic.removeBalancerV3Liquidity
DA:126,20
DA:127,20
DA:128,20
DA:131,20
DA:144,16
DA:145,16
DA:148,16
BRDA:148,3,0,11
DA:150,11
BRDA:150,4,0,10
DA:152,11
BRDA:152,5,0,11
DA:164,232
FN:164,BalancerV3VenueLogic.attemptLiquidityPremiumReinvestment
FNDA:232,BalancerV3VenueLogic.attemptLiquidityPremiumReinvestment
DA:175,232
DA:177,232
DA:178,232
BRDA:178,6,0,0
DA:181,232
DA:183,232
DA:188,232
DA:196,232
BRDA:196,7,0,82
DA:199,150
DA:201,0
DA:205,150
DA:206,150
DA:208,150
FNF:3
FNH:3
LF:35
LH:34
BRF:8
BRH:7
end_of_record
TN:
SF:src/libraries/Cache.sol
DA:47,43627
FN:47,Cache._read
FNDA:43627,Cache._read
DA:48,43627
DA:49,43627
BRDA:49,0,0,43555
DA:59,6138
FN:59,Cache._write
FNDA:6138,Cache._write
DA:60,6138
DA:68,0
FN:68,Cache._clear
FNDA:0,Cache._clear
DA:69,0
DA:78,49765
FN:78,Cache._getTransientStorageSlot
FNDA:49765,Cache._getTransientStorageSlot
DA:79,49765
FNF:4
FNH:3
LF:9
LH:7
BRF:1
BRH:1
end_of_record
TN:
SF:src/libraries/Units.sol
DA:24,1124
FN:24,RoycoUnitsMath.min.0
FNDA:1124,RoycoUnitsMath.min.0
DA:25,1124
DA:29,0
FN:29,RoycoUnitsMath.min.1
FNDA:0,RoycoUnitsMath.min.1
DA:30,0
DA:34,28328
FN:34,RoycoUnitsMath.computeNAVDelta
FNDA:28328,RoycoUnitsMath.computeNAVDelta
DA:35,28328
DA:39,27745
FN:39,RoycoUnitsMath.saturatingSub
FNDA:27745,RoycoUnitsMath.saturatingSub
DA:40,27745
DA:44,70
FN:44,RoycoUnitsMath.mulDiv.0
FNDA:70,RoycoUnitsMath.mulDiv.0
DA:45,70
DA:49,11485
FN:49,RoycoUnitsMath.mulDiv.1
FNDA:11485,RoycoUnitsMath.mulDiv.1
DA:50,11485
DA:54,16061
FN:54,RoycoUnitsMath.mulDiv.2
FNDA:16061,RoycoUnitsMath.mulDiv.2
DA:55,16061
DA:59,16029
FN:59,RoycoUnitsMath.mulDiv.3
FNDA:16029,RoycoUnitsMath.mulDiv.3
DA:60,16029
DA:64,1948
FN:64,RoycoUnitsMath.mulDiv.4
FNDA:1948,RoycoUnitsMath.mulDiv.4
DA:65,1948
DA:69,26773
FN:69,RoycoUnitsMath.mulDiv.5
FNDA:26773,RoycoUnitsMath.mulDiv.5
DA:70,26773
DA:74,17267
FN:74,RoycoUnitsMath.mulDiv.6
FNDA:17267,RoycoUnitsMath.mulDiv.6
DA:75,17267
FNF:11
FNH:10
LF:22
LH:20
BRF:0
BRH:0
end_of_record
TN:
SF:src/libraries/logic/AccountingSyncLogic.sol
DA:32,640
FN:32,AccountingSyncLogic.syncTrancheAccounting
FNDA:640,AccountingSyncLogic.syncTrancheAccounting
DA:40,640
DA:50,10
FN:50,AccountingSyncLogic.reinvestLiquidityPremium
FNDA:10,AccountingSyncLogic.reinvestLiquidityPremium
DA:58,10
DA:60,10
DA:62,10
DA:75,5500
FN:75,AccountingSyncLogic.previewSyncTrancheAccounting
FNDA:5500,AccountingSyncLogic.previewSyncTrancheAccounting
DA:85,5500
DA:88,5500
DA:91,5500
BRDA:91,0,0,1836
BRDA:91,0,1,0
DA:93,1836
DA:95,3664
BRDA:95,1,0,1595
BRDA:95,1,1,0
DA:97,1595
DA:98,1595
DA:102,2069
DA:103,2069
DA:105,2069
DA:106,2069
DA:107,2069
DA:108,2069
DA:109,2069
DA:110,2069
DA:125,5579
FN:125,AccountingSyncLogic._previewSyncTrancheAccounting
FNDA:5579,AccountingSyncLogic._previewSyncTrancheAccounting
DA:134,5579
DA:137,5579
DA:138,5579
DA:148,2161
FN:148,AccountingSyncLogic._preOpSyncTrancheAccounting.0
FNDA:2161,AccountingSyncLogic._preOpSyncTrancheAccounting.0
DA:156,2161
DA:159,2161
DA:161,2161
DA:175,905
FN:175,AccountingSyncLogic._preOpSyncTrancheAccounting.1
FNDA:905,AccountingSyncLogic._preOpSyncTrancheAccounting.1
DA:184,905
DA:187,905
DA:189,905
DA:192,905
BRDA:192,2,0,654
BRDA:192,2,1,0
DA:193,251
BRDA:193,3,0,111
BRDA:193,3,1,0
DA:194,140
DA:197,654
DA:210,2381
FN:210,AccountingSyncLogic._postOpSyncTrancheAccounting
FNDA:2381,AccountingSyncLogic._postOpSyncTrancheAccounting
DA:221,2381
DA:240,3076
FN:240,AccountingSyncLogic._commitPostSyncLiquidityTrancheRawNAV
FNDA:3076,AccountingSyncLogic._commitPostSyncLiquidityTrancheRawNAV
DA:248,3076
DA:250,3076
DA:251,3076
DA:252,3076
FNF:8
FNH:8
LF:45
LH:45
BRF:8
BRH:4
end_of_record
TN:
SF:src/libraries/logic/BlacklistLogic.sol
DA:20,266
FN:20,BlacklistLogic._isBlacklisted
FNDA:266,BlacklistLogic._isBlacklisted
DA:21,266
DA:22,266
DA:34,4873
FN:34,BlacklistLogic._enforceNotBlacklisted
FNDA:4873,BlacklistLogic._enforceNotBlacklisted
DA:36,4873
DA:37,4873
BRDA:37,0,0,3015
DA:38,3015
DA:39,3015
DA:40,3015
DA:41,3015
DA:42,3015
FNF:2
FNH:2
LF:11
LH:11
BRF:1
BRH:1
end_of_record
TN:
SF:src/libraries/logic/DepositLogic.sol
DA:38,575
FN:38,DepositLogic.stDeposit
FNDA:575,DepositLogic.stDeposit
DA:47,575
DA:49,575
BRDA:49,0,0,0
BRDA:49,0,1,0
DA:51,575
DA:53,570
DA:56,570
DA:59,570
DA:72,490
FN:72,DepositLogic.jtDeposit
FNDA:490,DepositLogic.jtDeposit
DA:81,490
DA:83,490
BRDA:83,1,0,0
BRDA:83,1,1,0
DA:85,490
DA:87,487
DA:90,487
DA:93,487
DA:106,436
FN:106,DepositLogic.ltDeposit
FNDA:436,DepositLogic.ltDeposit
DA:115,436
DA:117,436
DA:119,436
DA:122,436
DA:125,436
DA:144,568
FN:144,DepositLogic.ltDepositMultiAsset
FNDA:568,DepositLogic.ltDepositMultiAsset
DA:155,568
BRDA:155,2,0,568
BRDA:155,2,1,13
DA:158,566
DA:160,568
BRDA:160,3,0,566
BRDA:160,3,1,6
DA:162,568
DA:165,563
DA:166,0
BRDA:166,4,0,552
DA:168,552
DA:173,552
DA:174,552
DA:178,563
DA:180,561
DA:183,561
DA:187,561
DA:201,31
FN:201,DepositLogic.stPreviewDeposit
FNDA:31,DepositLogic.stPreviewDeposit
DA:207,31
DA:209,31
DA:221,20
FN:221,DepositLogic.jtPreviewDeposit
FNDA:20,DepositLogic.jtPreviewDeposit
DA:227,20
DA:229,20
DA:240,32
FN:240,DepositLogic.ltPreviewDeposit
FNDA:32,DepositLogic.ltPreviewDeposit
DA:250,32
DA:252,32
DA:254,32
DA:255,32
DA:256,32
DA:273,13
FN:273,DepositLogic.ltPreviewDepositMultiAsset
FNDA:13,DepositLogic.ltPreviewDepositMultiAsset
DA:283,13
DA:284,13
DA:286,13
BRDA:286,5,0,2
DA:287,2
DA:290,11
DA:291,11
DA:292,11
DA:295,11
DA:301,3
DA:303,11
DA:318,83
FN:318,DepositLogic.stMaxDeposit
FNDA:83,DepositLogic.stMaxDeposit
DA:328,83
BRDA:328,6,0,8
DA:329,75
DA:331,75
BRDA:331,7,0,2
DA:333,73
DA:334,73
DA:346,9
FN:346,DepositLogic.jtMaxDeposit
FNDA:9,DepositLogic.jtMaxDeposit
DA:356,9
BRDA:356,8,0,5
DA:358,4
BRDA:358,9,0,2
DA:359,2
DA:369,11
FN:369,DepositLogic.ltMaxDeposit
FNDA:11,DepositLogic.ltMaxDeposit
DA:371,11
BRDA:371,10,0,7
DA:373,4
FNF:11
FNH:11
LF:70
LH:69
BRF:15
BRH:11
end_of_record
TN:
SF:src/libraries/logic/FeeAndLiquidityPremiumLogic.sol
DA:30,3070
FN:30,FeeAndLiquidityPremiumLogic._processFeesAndLiquidityPremium
FNDA:3070,FeeAndLiquidityPremiumLogic._processFeesAndLiquidityPremium
DA:37,3070
DA:41,3070
DA:42,3070
DA:45,3070
DA:51,3070
BRDA:51,0,0,224
DA:52,224
DA:53,224
DA:55,224
DA:58,3070
BRDA:58,1,0,370
DA:59,370
DA:62,3070
BRDA:62,2,0,368
DA:63,368
DA:66,368
DA:69,3070
BRDA:69,3,0,121
DA:70,121
DA:71,121
DA:74,121
DA:90,7083
FN:90,FeeAndLiquidityPremiumLogic._computeSTFeeAndLiquidityPremiumSharesToMint
FNDA:7083,FeeAndLiquidityPremiumLogic._computeSTFeeAndLiquidityPremiumSharesToMint
DA:100,7083
DA:103,7083
DA:104,7083
DA:105,7083
FNF:2
FNH:2
LF:23
LH:23
BRF:4
BRH:4
end_of_record
TN:
SF:src/libraries/logic/RedemptionLogic.sol
DA:38,88
FN:38,RedemptionLogic.stRedeem
FNDA:88,RedemptionLogic.stRedeem
DA:47,88
DA:48,88
DA:50,88
DA:52,88
BRDA:52,0,0,0
BRDA:52,0,1,0
DA:56,88
DA:59,86
DA:60,88
DA:63,86
DA:66,86
DA:77,111
FN:77,RedemptionLogic.jtRedeem
FNDA:111,RedemptionLogic.jtRedeem
DA:87,111
DA:88,111
DA:89,111
DA:91,111
BRDA:91,1,0,0
BRDA:91,1,1,0
DA:95,111
DA:98,111
DA:101,111
DA:111,123
FN:111,RedemptionLogic.ltRedeem
FNDA:123,RedemptionLogic.ltRedeem
DA:121,123
DA:122,123
DA:123,123
DA:125,123
BRDA:125,2,0,0
BRDA:125,2,1,0
DA:129,123
DA:132,123
DA:136,123
DA:152,17
FN:152,RedemptionLogic.ltRedeemMultiAsset
FNDA:17,RedemptionLogic.ltRedeemMultiAsset
DA:164,17
DA:165,17
DA:167,17
BRDA:167,3,0,0
BRDA:167,3,1,0
DA:171,17
DA:174,15
DA:175,17
DA:179,15
DA:180,15
BRDA:180,4,0,6
DA:181,15
BRDA:181,5,0,15
DA:182,15
DA:183,15
DA:188,11
DA:189,11
DA:192,11
DA:193,11
DA:198,11
DA:199,11
DA:203,11
DA:217,43
FN:217,RedemptionLogic.stPreviewRedeem
FNDA:43,RedemptionLogic.stPreviewRedeem
DA:219,43
DA:220,43
DA:223,43
DA:224,43
DA:234,44
FN:234,RedemptionLogic.jtPreviewRedeem
FNDA:44,RedemptionLogic.jtPreviewRedeem
DA:236,44
DA:238,44
DA:246,44
FN:246,RedemptionLogic.ltPreviewRedeem
FNDA:44,RedemptionLogic.ltPreviewRedeem
DA:248,44
DA:249,44
DA:251,44
BRDA:251,6,0,2
DA:253,42
DA:263,7
FN:263,RedemptionLogic.ltPreviewRedeemMultiAsset
FNDA:7,RedemptionLogic.ltPreviewRedeemMultiAsset
DA:272,7
DA:273,7
DA:275,7
BRDA:275,7,0,2
DA:278,5
DA:282,5
DA:283,5
DA:284,5
DA:287,5
DA:288,5
BRDA:288,8,0,5
DA:289,5
DA:293,5
DA:294,5
DA:297,5
DA:314,29
FN:314,RedemptionLogic.stMaxWithdrawable
FNDA:29,RedemptionLogic.stMaxWithdrawable
DA:323,29
BRDA:323,9,0,6
DA:324,6
DA:327,23
DA:328,23
DA:329,23
DA:332,23
BRDA:332,10,0,2
DA:335,21
DA:336,21
DA:339,21
DA:340,21
DA:353,67
FN:353,RedemptionLogic.jtMaxWithdrawable
FNDA:67,RedemptionLogic.jtMaxWithdrawable
DA:363,67
BRDA:363,11,0,5
DA:364,5
DA:368,62
DA:369,62
DA:372,62
BRDA:372,12,0,4
DA:375,58
DA:378,58
DA:388,67
FN:388,RedemptionLogic.ltMaxWithdrawable
FNDA:67,RedemptionLogic.ltMaxWithdrawable
DA:398,67
BRDA:398,13,0,5
DA:401,62
DA:402,62
DA:405,62
BRDA:405,14,0,2
DA:408,60
DA:410,60
FNF:11
FNH:11
LF:98
LH:98
BRF:19
BRH:11
end_of_record
TN:
SF:src/libraries/logic/SelfLiquidationLogic.sol
DA:31,156
FN:31,SelfLiquidationLogic.applySeniorTrancheSelfLiquidationBonus
FNDA:156,SelfLiquidationLogic.applySeniorTrancheSelfLiquidationBonus
DA:41,156
BRDA:41,0,0,124
DA:44,32
DA:47,32
DA:50,32
DA:53,32
DA:56,32
BRDA:56,1,0,2
DA:60,30
DA:61,30
DA:64,30
DA:65,30
DA:66,30
DA:96,32
FN:96,SelfLiquidationLogic._computeMaxCoverageUtilizationNeutralBonus
FNDA:32,SelfLiquidationLogic._computeMaxCoverageUtilizationNeutralBonus
DA:106,32
DA:107,32
BRDA:107,2,0,1
DA:110,31
DA:113,31
DA:116,31
BRDA:116,3,0,1
DA:120,30
DA:121,30
BRDA:121,4,0,3
DA:125,27
DA:126,27
FNF:2
FNH:2
LF:22
LH:22
BRF:5
BRH:5
end_of_record
TN:
SF:src/libraries/logic/TrancheClaimsLogic.sol
DA:37,6425
FN:37,TrancheClaimsLogic._deriveTrancheAssetClaims
FNDA:6425,TrancheClaimsLogic._deriveTrancheAssetClaims
DA:47,6425
BRDA:47,0,0,4216
BRDA:47,0,1,0
DA:49,4216
DA:50,4216
DA:53,4216
BRDA:53,1,0,2510
BRDA:53,1,1,0
DA:54,2510
BRDA:54,2,0,2242
DA:55,2510
BRDA:55,3,0,132
DA:56,2510
DA:58,1706
BRDA:58,4,0,376
DA:59,1706
BRDA:59,5,0,1700
DA:60,1706
DA:63,2209
BRDA:63,6,0,1706
DA:64,2209
DA:65,2209
DA:78,327
FN:78,TrancheClaimsLogic._withdrawAssets
FNDA:327,TrancheClaimsLogic._withdrawAssets
DA:87,327
DA:88,327
DA:89,327
DA:90,327
DA:93,327
BRDA:93,7,0,140
DA:94,327
BRDA:94,8,0,135
DA:95,327
BRDA:95,9,0,119
DA:96,327
BRDA:96,10,0,24
DA:99,327
BRDA:99,11,0,205
DA:101,205
BRDA:101,12,0,205
BRDA:101,12,1,0
DA:102,205
DA:104,0
BRDA:104,13,0,-
DA:105,0
BRDA:105,14,0,-
DA:109,0
BRDA:109,15,0,119
DA:111,0
BRDA:111,16,0,24
DA:121,547
FN:121,TrancheClaimsLogic._scaleAssetClaims.0
FNDA:547,TrancheClaimsLogic._scaleAssetClaims.0
DA:130,547
DA:131,547
DA:132,547
DA:133,547
DA:134,547
DA:144,0
FN:144,TrancheClaimsLogic._scaleAssetClaims.1
FNDA:0,TrancheClaimsLogic._scaleAssetClaims.1
DA:153,0
DA:154,0
DA:155,0
DA:156,0
DA:157,0
DA:168,4379
FN:168,TrancheClaimsLogic._computeSTandJTClaimsOnRawNAVs.0
FNDA:4379,TrancheClaimsLogic._computeSTandJTClaimsOnRawNAVs.0
DA:173,4379
DA:187,13713
FN:187,TrancheClaimsLogic._computeSTandJTClaimsOnRawNAVs.1
FNDA:13713,TrancheClaimsLogic._computeSTandJTClaimsOnRawNAVs.1
DA:199,13713
DA:200,13713
DA:204,13713
DA:205,13713
FNF:6
FNH:5
LF:49
LH:39
BRF:20
BRH:15
end_of_record
TN:
SF:src/libraries/logic/UtilizationLogic.sol
DA:27,13226
FN:27,UtilizationLogic._computeCoverageUtilization
FNDA:13226,UtilizationLogic._computeCoverageUtilization
DA:39,13226
BRDA:39,0,0,1
DA:41,13225
DA:43,13225
BRDA:43,1,0,490
DA:45,12735
BRDA:45,2,0,424
DA:47,12311
DA:60,12563
FN:60,UtilizationLogic._computeLiquidityUtilization
FNDA:12563,UtilizationLogic._computeLiquidityUtilization
DA:70,12563
BRDA:70,3,0,8275
DA:72,4288
BRDA:72,4,0,672
DA:74,3616
FNF:2
FNH:2
LF:10
LH:10
BRF:5
BRH:5
end_of_record
TN:
SF:src/libraries/logic/ValuationLogic.sol
DA:23,11049
FN:23,ValuationLogic._getSeniorTrancheRawNAV
FNDA:11049,ValuationLogic._getSeniorTrancheRawNAV
DA:25,11049
DA:33,11049
FN:33,ValuationLogic._getJuniorTrancheRawNAV
FNDA:11049,ValuationLogic._getJuniorTrancheRawNAV
DA:35,11049
DA:43,16481
FN:43,ValuationLogic._getLiquidityTrancheRawNAV
FNDA:16481,ValuationLogic._getLiquidityTrancheRawNAV
DA:45,16481
DA:61,1124
FN:61,ValuationLogic._getLiquidityTrancheEffectiveNAV.0
FNDA:1124,ValuationLogic._getLiquidityTrancheEffectiveNAV.0
DA:71,1124
DA:84,5445
FN:84,ValuationLogic._getLiquidityTrancheEffectiveNAV.1
FNDA:5445,ValuationLogic._getLiquidityTrancheEffectiveNAV.1
DA:95,5445
DA:98,5445
BRDA:98,0,0,5023
DA:101,422
DA:113,21049
FN:113,ValuationLogic._convertToShares
FNDA:21049,ValuationLogic._convertToShares
DA:115,21049
BRDA:115,1,0,5062
DA:117,15987
DA:129,3793
FN:129,ValuationLogic._convertToValue
FNDA:3793,ValuationLogic._convertToValue
DA:131,3793
BRDA:131,2,0,1147
DA:132,2646
FNF:7
FNH:7
LF:18
LH:18
BRF:3
BRH:3
end_of_record
TN:
SF:src/tranches/RoycoJuniorTranche.sol
DA:17,380
FN:17,RoycoJuniorTranche.initialize
FNDA:380,RoycoJuniorTranche.initialize
DA:19,380
DA:23,2211
FN:23,RoycoJuniorTranche.TRANCHE_TYPE
FNDA:2211,RoycoJuniorTranche.TRANCHE_TYPE
DA:24,2211
FNF:2
FNH:2
LF:4
LH:4
BRF:0
BRH:0
end_of_record
TN:
SF:src/tranches/RoycoLiquidityTranche.sol
DA:29,380
FN:29,RoycoLiquidityTranche.initialize
FNDA:380,RoycoLiquidityTranche.initialize
DA:30,380
DA:34,2623
FN:34,RoycoLiquidityTranche.TRANCHE_TYPE
FNDA:2623,RoycoLiquidityTranche.TRANCHE_TYPE
DA:35,2623
DA:43,570
FN:43,RoycoLiquidityTranche.depositMultiAsset
FNDA:570,RoycoLiquidityTranche.depositMultiAsset
DA:56,570
BRDA:56,0,0,0
BRDA:56,0,1,0
DA:59,570
DA:60,570
BRDA:60,1,0,555
DA:61,570
BRDA:61,2,0,567
DA:64,570
DA:65,570
DA:68,557
BRDA:68,3,0,0
BRDA:68,3,1,0
DA:71,557
DA:72,557
BRDA:72,4,0,0
BRDA:72,4,1,0
DA:73,557
DA:75,557
DA:79,21
FN:79,RoycoLiquidityTranche.redeemMultiAsset
FNDA:21,RoycoLiquidityTranche.redeemMultiAsset
DA:93,21
BRDA:93,5,0,0
BRDA:93,5,1,0
DA:94,21
BRDA:94,6,0,0
BRDA:94,6,1,0
DA:97,19
BRDA:97,7,0,1
DA:98,1
DA:102,21
DA:105,11
DA:107,11
DA:115,7
FN:115,RoycoLiquidityTranche.previewDepositMultiAsset
FNDA:7,RoycoLiquidityTranche.previewDepositMultiAsset
DA:117,7
DA:118,7
DA:120,7
DA:124,7
FN:124,RoycoLiquidityTranche.previewRedeemMultiAsset
FNDA:7,RoycoLiquidityTranche.previewRedeemMultiAsset
DA:131,7
FNF:6
FNH:6
LF:30
LH:30
BRF:13
BRH:3
end_of_record
TN:
SF:src/tranches/RoycoSeniorTranche.sol
DA:19,380
FN:19,RoycoSeniorTranche.initialize
FNDA:380,RoycoSeniorTranche.initialize
DA:21,380
DA:25,2589
FN:25,RoycoSeniorTranche.TRANCHE_TYPE
FNDA:2589,RoycoSeniorTranche.TRANCHE_TYPE
DA:26,2589
DA:30,222
FN:30,RoycoSeniorTranche.mintLiquidityPremiumShares
FNDA:222,RoycoSeniorTranche.mintLiquidityPremiumShares
DA:41,222
BRDA:41,0,0,222
DA:43,222
DA:44,222
FNF:3
FNH:3
LF:8
LH:8
BRF:1
BRH:1
end_of_record
TN:
SF:src/tranches/base/RoycoVaultTranche.sol
DA:37,224
FN:37,RoycoVaultTranche.onlyKernel
FNDA:224,RoycoVaultTranche.onlyKernel
DA:38,224
BRDA:38,0,0,0
BRDA:38,0,1,0
DA:47,1142
FN:47,RoycoVaultTranche.constructor
FNDA:1142,RoycoVaultTranche.constructor
DA:49,1142
BRDA:49,1,0,1142
BRDA:49,1,1,1141
DA:52,1140
DA:53,1140
DA:61,1140
FN:61,RoycoVaultTranche.__RoycoTranche_init
FNDA:1140,RoycoVaultTranche.__RoycoTranche_init
DA:63,1140
DA:64,1140
DA:65,0
DA:66,0
DA:67,1140
DA:77,1514
FN:77,RoycoVaultTranche.deposit
FNDA:1514,RoycoVaultTranche.deposit
DA:78,1514
BRDA:78,2,0,0
BRDA:78,2,1,0
DA:81,1511
DA:84,1511
DA:85,1511
DA:86,1511
BRDA:86,3,0,581
BRDA:86,3,1,0
DA:87,930
BRDA:87,4,0,492
BRDA:87,4,1,0
DA:88,438
DA:91,1460
BRDA:91,5,0,0
BRDA:91,5,1,0
DA:96,539
DA:97,1460
BRDA:97,6,0,0
BRDA:97,6,1,0
DA:100,1460
DA:102,1460
DA:106,336
FN:106,RoycoVaultTranche.redeem
FNDA:336,RoycoVaultTranche.redeem
DA:118,336
BRDA:118,7,0,0
BRDA:118,7,1,0
DA:119,335
BRDA:119,8,0,0
BRDA:119,8,1,0
DA:122,330
BRDA:122,9,0,5
DA:126,328
BRDA:126,10,0,90
BRDA:126,10,1,0
DA:127,238
BRDA:127,11,0,113
BRDA:127,11,1,0
DA:128,125
DA:131,86
DA:133,265
DA:137,857
FN:137,RoycoVaultTranche.mintProtocolFeeShares
FNDA:857,RoycoVaultTranche.mintProtocolFeeShares
DA:148,857
BRDA:148,12,0,856
DA:150,857
DA:151,857
DA:155,554
FN:155,RoycoVaultTranche.mint
FNDA:554,RoycoVaultTranche.mint
DA:156,554
BRDA:156,13,0,0
BRDA:156,13,1,0
DA:157,553
BRDA:157,14,0,0
BRDA:157,14,1,0
DA:158,554
DA:162,11
FN:162,RoycoVaultTranche.burn
FNDA:11,RoycoVaultTranche.burn
DA:163,11
DA:167,1
FN:167,RoycoVaultTranche.burnFrom
FNDA:1,RoycoVaultTranche.burnFrom
DA:168,1
DA:178,79
FN:178,RoycoVaultTranche.previewDeposit
FNDA:79,RoycoVaultTranche.previewDeposit
DA:181,79
DA:182,79
DA:183,79
DA:184,79
BRDA:184,15,0,29
BRDA:184,15,1,0
DA:185,29
DA:186,29
DA:187,29
DA:188,50
BRDA:188,16,0,18
BRDA:188,16,1,0
DA:189,18
DA:190,18
DA:191,18
DA:195,32
DA:199,29
DA:203,131
FN:203,RoycoVaultTranche.previewRedeem
FNDA:131,RoycoVaultTranche.previewRedeem
DA:204,131
BRDA:204,17,0,43
BRDA:204,17,1,0
DA:205,88
BRDA:205,18,0,44
BRDA:205,18,1,0
DA:206,44
DA:210,2
FN:210,RoycoVaultTranche.convertToAssets
FNDA:2,RoycoVaultTranche.convertToAssets
DA:212,2
DA:213,2
DA:217,3
FN:217,RoycoVaultTranche.convertToShares
FNDA:3,RoycoVaultTranche.convertToShares
DA:219,3
DA:220,3
BRDA:220,19,0,1
BRDA:220,19,1,0
DA:221,2
BRDA:221,20,0,1
BRDA:221,20,1,0
DA:222,1
DA:223,1
DA:224,3
DA:234,103
FN:234,RoycoVaultTranche.maxDeposit
FNDA:103,RoycoVaultTranche.maxDeposit
DA:235,103
BRDA:235,21,0,83
BRDA:235,21,1,0
DA:236,20
BRDA:236,22,0,9
BRDA:236,22,1,0
DA:237,11
DA:241,155
FN:241,RoycoVaultTranche.maxRedeem
FNDA:155,RoycoVaultTranche.maxRedeem
DA:242,155
DA:244,155
BRDA:244,23,0,94
BRDA:244,23,1,0
DA:255,94
DA:259,94
BRDA:259,24,0,15
DA:263,79
DA:264,79
DA:265,24
DA:266,24
DA:267,79
DA:270,61
DA:271,61
DA:274,61
BRDA:274,25,0,7
DA:276,54
DA:287,266
FN:287,RoycoVaultTranche.totalAssets
FNDA:266,RoycoVaultTranche.totalAssets
DA:288,266
DA:292,4842
FN:292,RoycoVaultTranche.getRawNAV
FNDA:4842,RoycoVaultTranche.getRawNAV
DA:293,4842
DA:294,4842
BRDA:294,26,0,1470
BRDA:294,26,1,1908
DA:295,3372
BRDA:295,27,0,1464
BRDA:295,27,1,1908
DA:296,1908
DA:304,1468
FN:304,RoycoVaultTranche.decimals
FNDA:1468,RoycoVaultTranche.decimals
DA:305,1468
DA:309,1150
FN:309,RoycoVaultTranche.asset
FNDA:1150,RoycoVaultTranche.asset
DA:310,1150
DA:317,4873
FN:317,RoycoVaultTranche._update
FNDA:4873,RoycoVaultTranche._update
DA:319,4873
DA:322,4845
FNF:20
FNH:20
LF:106
LH:104
BRF:52
BRH:23
end_of_record
TN:
SF:src/ydm/AdaptiveCurveYDM_V1.sol
DA:65,76035
FN:65,AdaptiveCurveYDM_V1.initializeYDMForMarket
FNDA:76035,AdaptiveCurveYDM_V1.initializeYDMForMarket
DA:67,76035
BRDA:67,0,0,76035
BRDA:67,0,1,76031
DA:74,76030
DA:75,76030
DA:76,76030
DA:80,76035
DA:111,151133
FN:111,AdaptiveCurveYDM_V1._computeYieldShare
FNDA:151133,AdaptiveCurveYDM_V1._computeYieldShare
DA:118,151133
DA:119,151133
DA:123,151133
DA:124,151133
BRDA:124,1,0,18270
DA:128,151140
FN:128,AdaptiveCurveYDM_V1._readAdaptiveCurve
FNDA:151140,AdaptiveCurveYDM_V1._readAdaptiveCurve
DA:129,151140
DA:130,151140
DA:134,75539
FN:134,AdaptiveCurveYDM_V1._writeAdaptiveCurve
FNDA:75539,AdaptiveCurveYDM_V1._writeAdaptiveCurve
DA:136,75539
DA:137,75539
DA:138,75539
DA:140,75539
FNF:4
FNH:4
LF:19
LH:19
BRF:3
BRH:3
end_of_record
TN:
SF:src/ydm/AdaptiveCurveYDM_V2.sol
DA:71,75705
FN:71,AdaptiveCurveYDM_V2.initializeYDMForMarket
FNDA:75705,AdaptiveCurveYDM_V2.initializeYDMForMarket
DA:73,75705
BRDA:73,0,0,75705
BRDA:73,0,1,75701
DA:80,75700
DA:81,75700
DA:82,75700
DA:83,75705
DA:87,75705
DA:119,152233
FN:119,AdaptiveCurveYDM_V2._computeYieldShare
FNDA:152233,AdaptiveCurveYDM_V2._computeYieldShare
DA:126,152233
DA:127,152233
DA:128,152233
DA:131,152233
DA:133,152233
BRDA:133,1,0,14075
BRDA:133,1,1,119059
DA:134,138158
BRDA:134,2,0,19099
BRDA:134,2,1,119059
DA:135,119059
DA:139,152239
FN:139,AdaptiveCurveYDM_V2._readAdaptiveCurve
FNDA:152239,AdaptiveCurveYDM_V2._readAdaptiveCurve
DA:140,152239
DA:141,152239
DA:145,76151
FN:145,AdaptiveCurveYDM_V2._writeAdaptiveCurve
FNDA:76151,AdaptiveCurveYDM_V2._writeAdaptiveCurve
DA:147,76151
DA:148,76151
DA:149,76151
DA:151,76151
FNF:4
FNH:4
LF:23
LH:23
BRF:6
BRH:6
end_of_record
TN:
SF:src/ydm/StaticCurveYDM.sol
DA:73,50650
FN:73,StaticCurveYDM.initializeYDMForMarket
FNDA:50650,StaticCurveYDM.initializeYDMForMarket
DA:75,50650
BRDA:75,0,0,50650
BRDA:75,0,1,50644
DA:82,50642
DA:83,50642
DA:84,50642
DA:85,50642
DA:86,50650
DA:88,50650
DA:92,50828
FN:92,StaticCurveYDM.previewYieldShare
FNDA:50828,StaticCurveYDM.previewYieldShare
DA:93,50828
DA:97,50172
FN:97,StaticCurveYDM.yieldShare
FNDA:50172,StaticCurveYDM.yieldShare
DA:98,50172
DA:99,50170
DA:103,101000
FN:103,StaticCurveYDM._yieldShare
FNDA:101000,StaticCurveYDM._yieldShare
DA:125,101000
DA:126,101000
BRDA:126,1,0,55458
DA:129,101000
DA:130,101000
DA:131,101000
BRDA:131,2,0,0
BRDA:131,2,1,0
DA:133,100996
BRDA:133,3,0,35925
BRDA:133,3,1,65071
DA:135,35925
DA:138,65071
DA:150,101266
FN:150,StaticCurveYDM._computeSlope
FNDA:101266,StaticCurveYDM._computeSlope
DA:151,101266
FNF:5
FNH:5
LF:24
LH:24
BRF:7
BRH:5
end_of_record
TN:
SF:src/ydm/base/BaseAdaptiveCurveYDM.sol
DA:55,1022
FN:55,BaseAdaptiveCurveYDM.constructor
FNDA:1022,BaseAdaptiveCurveYDM.constructor
DA:63,1013
BRDA:63,0,0,1013
BRDA:63,0,1,993
DA:68,983
DA:69,983
DA:70,983
DA:74,151715
FN:74,BaseAdaptiveCurveYDM.previewYieldShare
FNDA:151715,BaseAdaptiveCurveYDM.previewYieldShare
DA:76,151715
DA:80,151698
FN:80,BaseAdaptiveCurveYDM.yieldShare
FNDA:151698,BaseAdaptiveCurveYDM.yieldShare
DA:82,151698
DA:83,151698
DA:86,151698
DA:98,303413
FN:98,BaseAdaptiveCurveYDM._yieldShare
FNDA:303413,BaseAdaptiveCurveYDM._yieldShare
DA:100,303413
DA:101,303413
BRDA:101,1,0,167825
DA:104,303413
DA:106,303413
DA:109,303413
DA:110,303413
BRDA:110,2,0,0
BRDA:110,2,1,0
DA:112,303398
DA:113,303398
BRDA:113,3,0,166536
BRDA:113,3,1,81113
DA:115,166536
DA:117,166536
DA:118,166536
DA:121,166536
DA:124,166536
DA:125,166536
DA:127,136862
DA:131,166536
DA:140,333072
FN:140,BaseAdaptiveCurveYDM._computeYieldShareAtTarget
FNDA:333072,BaseAdaptiveCurveYDM._computeYieldShareAtTarget
DA:144,333072
DA:146,333072
DA:148,333072
BRDA:148,4,0,57556
DA:149,275516
BRDA:149,5,0,80070
FNF:5
FNH:5
LF:33
LH:33
BRF:9
BRH:7
end_of_record
TN:
SF:src/ydm/base/BaseYDM.sol
DA:25,1231
FN:25,BaseYDM.constructor
FNDA:1231,BaseYDM.constructor
DA:26,1231
BRDA:26,0,0,1231
BRDA:26,0,1,1227
DA:27,1219
FNF:1
FNH:1
LF:3
LH:3
BRF:2
BRH:2
end_of_record
